0	0	eastern-whipbird/1d4bed34-4f47-4f8f-903f-ee1f88f28efa_1500_4500.png
1	0	eastern-whipbird/1d4bed34-4f47-4f8f-903f-ee1f88f28efa_2000_5000.png
2	0	eastern-whipbird/1d4bed34-4f47-4f8f-903f-ee1f88f28efa_2500_5500.png
3	0	eastern-whipbird/1d4bed34-4f47-4f8f-903f-ee1f88f28efa_500_3500.png
4	0	eastern-whipbird/6316ecca-4b96-4477-8da7-e764429fa389_0_3000.png
5	0	eastern-whipbird/6316ecca-4b96-4477-8da7-e764429fa389_1000_4000.png
6	0	eastern-whipbird/6316ecca-4b96-4477-8da7-e764429fa389_1500_4500.png
7	0	eastern-whipbird/6316ecca-4b96-4477-8da7-e764429fa389_2000_5000.png
8	0	eastern-whipbird/6316ecca-4b96-4477-8da7-e764429fa389_2500_5500.png
9	0	eastern-whipbird/6316ecca-4b96-4477-8da7-e764429fa389_500_3500.png
10	0	eastern-whipbird/aad78fc7-f674-4d44-af53-d3d25083420e_2000_5000.png
11	0	eastern-whipbird/aad78fc7-f674-4d44-af53-d3d25083420e_2500_5500.png
12	0	eastern-whipbird/aad78fc7-f674-4d44-af53-d3d25083420e_3500_6500.png
13	0	eastern-whipbird/aad78fc7-f674-4d44-af53-d3d25083420e_4500_7500.png
14	0	eastern-whipbird/aad78fc7-f674-4d44-af53-d3d25083420e_5500_8500.png
15	0	eastern-whipbird/b1a5da01-8a74-4abb-8cce-c68c31dc0a60_stereo_0_3000.png
16	0	eastern-whipbird/b1a5da01-8a74-4abb-8cce-c68c31dc0a60_stereo_10000_13000.png
17	0	eastern-whipbird/b1a5da01-8a74-4abb-8cce-c68c31dc0a60_stereo_1000_4000.png
18	0	eastern-whipbird/b1a5da01-8a74-4abb-8cce-c68c31dc0a60_stereo_10500_13500.png
19	0	eastern-whipbird/b1a5da01-8a74-4abb-8cce-c68c31dc0a60_stereo_11000_14000.png
20	0	eastern-whipbird/b1a5da01-8a74-4abb-8cce-c68c31dc0a60_stereo_12000_15000.png
21	0	eastern-whipbird/b1a5da01-8a74-4abb-8cce-c68c31dc0a60_stereo_12500_15500.png
22	0	eastern-whipbird/b1a5da01-8a74-4abb-8cce-c68c31dc0a60_stereo_13000_16000.png
23	0	eastern-whipbird/b1a5da01-8a74-4abb-8cce-c68c31dc0a60_stereo_14000_17000.png
24	0	eastern-whipbird/b1a5da01-8a74-4abb-8cce-c68c31dc0a60_stereo_14500_17500.png
25	0	eastern-whipbird/b1a5da01-8a74-4abb-8cce-c68c31dc0a60_stereo_15000_18000.png
26	0	eastern-whipbird/b1a5da01-8a74-4abb-8cce-c68c31dc0a60_stereo_1500_4500.png
27	0	eastern-whipbird/b1a5da01-8a74-4abb-8cce-c68c31dc0a60_stereo_16000_19000.png
28	0	eastern-whipbird/b1a5da01-8a74-4abb-8cce-c68c31dc0a60_stereo_16500_19500.png
29	0	eastern-whipbird/b1a5da01-8a74-4abb-8cce-c68c31dc0a60_stereo_17000_20000.png
30	0	eastern-whipbird/b1a5da01-8a74-4abb-8cce-c68c31dc0a60_stereo_17500_20500.png
31	0	eastern-whipbird/b1a5da01-8a74-4abb-8cce-c68c31dc0a60_stereo_2500_5500.png
32	0	eastern-whipbird/b1a5da01-8a74-4abb-8cce-c68c31dc0a60_stereo_3000_6000.png
33	0	eastern-whipbird/b1a5da01-8a74-4abb-8cce-c68c31dc0a60_stereo_3500_6500.png
34	0	eastern-whipbird/b1a5da01-8a74-4abb-8cce-c68c31dc0a60_stereo_4500_7500.png
35	0	eastern-whipbird/b1a5da01-8a74-4abb-8cce-c68c31dc0a60_stereo_5000_8000.png
36	0	eastern-whipbird/b1a5da01-8a74-4abb-8cce-c68c31dc0a60_stereo_6500_9500.png
37	0	eastern-whipbird/b1a5da01-8a74-4abb-8cce-c68c31dc0a60_stereo_7000_10000.png
38	0	eastern-whipbird/b1a5da01-8a74-4abb-8cce-c68c31dc0a60_stereo_7500_10500.png
39	0	eastern-whipbird/b1a5da01-8a74-4abb-8cce-c68c31dc0a60_stereo_8000_11000.png
40	0	eastern-whipbird/b1a5da01-8a74-4abb-8cce-c68c31dc0a60_stereo_8500_11500.png
41	0	eastern-whipbird/b1a5da01-8a74-4abb-8cce-c68c31dc0a60_stereo_9000_12000.png
42	0	eastern-whipbird/b1a5da01-8a74-4abb-8cce-c68c31dc0a60_stereo_9500_12500.png
43	0	eastern-whipbird/b551a17d-28d5-4ee1-b5c1-19caa98ae514_0_3000.png
44	0	eastern-whipbird/b551a17d-28d5-4ee1-b5c1-19caa98ae514_1000_4000.png
45	0	eastern-whipbird/b551a17d-28d5-4ee1-b5c1-19caa98ae514_1500_4500.png
46	0	eastern-whipbird/b551a17d-28d5-4ee1-b5c1-19caa98ae514_2000_5000.png
47	0	eastern-whipbird/b551a17d-28d5-4ee1-b5c1-19caa98ae514_2500_5500.png
48	0	eastern-whipbird/b551a17d-28d5-4ee1-b5c1-19caa98ae514_3000_6000.png
49	0	eastern-whipbird/b551a17d-28d5-4ee1-b5c1-19caa98ae514_3500_6500.png
50	0	eastern-whipbird/b551a17d-28d5-4ee1-b5c1-19caa98ae514_4000_7000.png
51	0	eastern-whipbird/b551a17d-28d5-4ee1-b5c1-19caa98ae514_4500_7500.png
52	0	eastern-whipbird/b551a17d-28d5-4ee1-b5c1-19caa98ae514_5000_8000.png
53	0	eastern-whipbird/b551a17d-28d5-4ee1-b5c1-19caa98ae514_500_3500.png
54	0	eastern-whipbird/b551a17d-28d5-4ee1-b5c1-19caa98ae514_5500_8500.png
55	0	eastern-whipbird/bf8d74b6-9763-4978-af5e-dda940d8f5f1_0_3000.png
56	0	eastern-whipbird/bf8d74b6-9763-4978-af5e-dda940d8f5f1_1000_4000.png
57	0	eastern-whipbird/bf8d74b6-9763-4978-af5e-dda940d8f5f1_1500_4500.png
58	0	eastern-whipbird/bf8d74b6-9763-4978-af5e-dda940d8f5f1_2000_5000.png
59	0	eastern-whipbird/bf8d74b6-9763-4978-af5e-dda940d8f5f1_2500_5500.png
60	0	eastern-whipbird/bf8d74b6-9763-4978-af5e-dda940d8f5f1_3500_6500.png
61	0	eastern-whipbird/bf8d74b6-9763-4978-af5e-dda940d8f5f1_4000_7000.png
62	0	eastern-whipbird/bf8d74b6-9763-4978-af5e-dda940d8f5f1_4500_7500.png
63	0	eastern-whipbird/dc6e3770-220e-43fe-9e84-dba5aa9b9770_0_3000.png
64	0	eastern-whipbird/dc6e3770-220e-43fe-9e84-dba5aa9b9770_10000_13000.png
65	0	eastern-whipbird/dc6e3770-220e-43fe-9e84-dba5aa9b9770_1000_4000.png
66	0	eastern-whipbird/dc6e3770-220e-43fe-9e84-dba5aa9b9770_10500_13500.png
67	0	eastern-whipbird/dc6e3770-220e-43fe-9e84-dba5aa9b9770_11000_14000.png
68	0	eastern-whipbird/dc6e3770-220e-43fe-9e84-dba5aa9b9770_2000_5000.png
69	0	eastern-whipbird/dc6e3770-220e-43fe-9e84-dba5aa9b9770_2500_5500.png
70	0	eastern-whipbird/dc6e3770-220e-43fe-9e84-dba5aa9b9770_3000_6000.png
71	0	eastern-whipbird/dc6e3770-220e-43fe-9e84-dba5aa9b9770_3500_6500.png
72	0	eastern-whipbird/dc6e3770-220e-43fe-9e84-dba5aa9b9770_4000_7000.png
73	0	eastern-whipbird/dc6e3770-220e-43fe-9e84-dba5aa9b9770_4500_7500.png
74	0	eastern-whipbird/dc6e3770-220e-43fe-9e84-dba5aa9b9770_5000_8000.png
75	0	eastern-whipbird/dc6e3770-220e-43fe-9e84-dba5aa9b9770_5500_8500.png
76	0	eastern-whipbird/dc6e3770-220e-43fe-9e84-dba5aa9b9770_6000_9000.png
77	0	eastern-whipbird/dc6e3770-220e-43fe-9e84-dba5aa9b9770_6500_9500.png
78	0	eastern-whipbird/dc6e3770-220e-43fe-9e84-dba5aa9b9770_7000_10000.png
79	0	eastern-whipbird/dc6e3770-220e-43fe-9e84-dba5aa9b9770_7500_10500.png
80	0	eastern-whipbird/dc6e3770-220e-43fe-9e84-dba5aa9b9770_8000_11000.png
81	0	eastern-whipbird/dc6e3770-220e-43fe-9e84-dba5aa9b9770_8500_11500.png
82	0	eastern-whipbird/dc6e3770-220e-43fe-9e84-dba5aa9b9770_9500_12500.png
83	0	eastern-whipbird/e409f4db-c60c-4d94-afbe-e7c3ba8db79c_stereo_0_3000.png
84	0	eastern-whipbird/e409f4db-c60c-4d94-afbe-e7c3ba8db79c_stereo_1000_4000.png
85	0	eastern-whipbird/e409f4db-c60c-4d94-afbe-e7c3ba8db79c_stereo_1500_4500.png
86	0	eastern-whipbird/e409f4db-c60c-4d94-afbe-e7c3ba8db79c_stereo_2000_5000.png
87	0	eastern-whipbird/e409f4db-c60c-4d94-afbe-e7c3ba8db79c_stereo_2500_5500.png
88	0	eastern-whipbird/e409f4db-c60c-4d94-afbe-e7c3ba8db79c_stereo_3000_6000.png
89	0	eastern-whipbird/e409f4db-c60c-4d94-afbe-e7c3ba8db79c_stereo_3500_6500.png
90	0	eastern-whipbird/e409f4db-c60c-4d94-afbe-e7c3ba8db79c_stereo_4000_7000.png
91	0	eastern-whipbird/e409f4db-c60c-4d94-afbe-e7c3ba8db79c_stereo_4500_7500.png
92	0	eastern-whipbird/e409f4db-c60c-4d94-afbe-e7c3ba8db79c_stereo_5000_8000.png
93	0	eastern-whipbird/e409f4db-c60c-4d94-afbe-e7c3ba8db79c_stereo_500_3500.png
94	0	eastern-whipbird/e409f4db-c60c-4d94-afbe-e7c3ba8db79c_stereo_5500_8500.png
95	1	kookaburra/08e85865-c479-4032-a63f-e5d36d4eb154_0_3000.png
96	1	kookaburra/08e85865-c479-4032-a63f-e5d36d4eb154_1000_4000.png
97	1	kookaburra/08e85865-c479-4032-a63f-e5d36d4eb154_1500_4500.png
98	1	kookaburra/08e85865-c479-4032-a63f-e5d36d4eb154_2000_5000.png
99	1	kookaburra/08e85865-c479-4032-a63f-e5d36d4eb154_3500_6500.png
100	1	kookaburra/08e85865-c479-4032-a63f-e5d36d4eb154_500_3500.png
101	1	kookaburra/0f3df10f-be4a-49b0-b70a-54b174c7e015_stereo_0_3000.png
102	1	kookaburra/0f3df10f-be4a-49b0-b70a-54b174c7e015_stereo_1000_4000.png
103	1	kookaburra/0f3df10f-be4a-49b0-b70a-54b174c7e015_stereo_2000_5000.png
104	1	kookaburra/0f3df10f-be4a-49b0-b70a-54b174c7e015_stereo_2500_5500.png
105	1	kookaburra/0f3df10f-be4a-49b0-b70a-54b174c7e015_stereo_3500_6500.png
106	1	kookaburra/0f3df10f-be4a-49b0-b70a-54b174c7e015_stereo_4000_7000.png
107	1	kookaburra/0f3df10f-be4a-49b0-b70a-54b174c7e015_stereo_4500_7500.png
108	1	kookaburra/0f3df10f-be4a-49b0-b70a-54b174c7e015_stereo_5000_8000.png
109	1	kookaburra/0f3df10f-be4a-49b0-b70a-54b174c7e015_stereo_500_3500.png
110	1	kookaburra/0f3df10f-be4a-49b0-b70a-54b174c7e015_stereo_6000_9000.png
111	1	kookaburra/0f3df10f-be4a-49b0-b70a-54b174c7e015_stereo_6500_9500.png
112	1	kookaburra/0f3df10f-be4a-49b0-b70a-54b174c7e015_stereo_7000_10000.png
113	1	kookaburra/0f3df10f-be4a-49b0-b70a-54b174c7e015_stereo_7500_10500.png
114	1	kookaburra/0f3df10f-be4a-49b0-b70a-54b174c7e015_stereo_8000_11000.png
115	1	kookaburra/0f3df10f-be4a-49b0-b70a-54b174c7e015_stereo_8500_11500.png
116	1	kookaburra/0f3df10f-be4a-49b0-b70a-54b174c7e015_stereo_9000_12000.png
117	1	kookaburra/249f605c-e971-4cf6-9b7e-aa6e95981863_stereo_0_3000.png
118	1	kookaburra/249f605c-e971-4cf6-9b7e-aa6e95981863_stereo_1000_4000.png
119	1	kookaburra/249f605c-e971-4cf6-9b7e-aa6e95981863_stereo_2000_5000.png
120	1	kookaburra/249f605c-e971-4cf6-9b7e-aa6e95981863_stereo_2500_5500.png
121	1	kookaburra/249f605c-e971-4cf6-9b7e-aa6e95981863_stereo_3000_6000.png
122	1	kookaburra/249f605c-e971-4cf6-9b7e-aa6e95981863_stereo_3500_6500.png
123	1	kookaburra/249f605c-e971-4cf6-9b7e-aa6e95981863_stereo_4000_7000.png
124	1	kookaburra/249f605c-e971-4cf6-9b7e-aa6e95981863_stereo_4500_7500.png
125	1	kookaburra/249f605c-e971-4cf6-9b7e-aa6e95981863_stereo_5000_8000.png
126	1	kookaburra/249f605c-e971-4cf6-9b7e-aa6e95981863_stereo_500_3500.png
127	1	kookaburra/249f605c-e971-4cf6-9b7e-aa6e95981863_stereo_5500_8500.png
128	1	kookaburra/249f605c-e971-4cf6-9b7e-aa6e95981863_stereo_6000_9000.png
129	1	kookaburra/249f605c-e971-4cf6-9b7e-aa6e95981863_stereo_7000_10000.png
130	1	kookaburra/249f605c-e971-4cf6-9b7e-aa6e95981863_stereo_8000_11000.png
131	1	kookaburra/249f605c-e971-4cf6-9b7e-aa6e95981863_stereo_8500_11500.png
132	1	kookaburra/249f605c-e971-4cf6-9b7e-aa6e95981863_stereo_9000_12000.png
133	1	kookaburra/67208ba1-56e8-43b2-af56-c7f36a015a95_0_3000.png
134	1	kookaburra/67208ba1-56e8-43b2-af56-c7f36a015a95_1000_4000.png
135	1	kookaburra/67208ba1-56e8-43b2-af56-c7f36a015a95_10500_13500.png
136	1	kookaburra/67208ba1-56e8-43b2-af56-c7f36a015a95_11000_14000.png
137	1	kookaburra/67208ba1-56e8-43b2-af56-c7f36a015a95_11500_14500.png
138	1	kookaburra/67208ba1-56e8-43b2-af56-c7f36a015a95_12000_15000.png
139	1	kookaburra/67208ba1-56e8-43b2-af56-c7f36a015a95_12500_15500.png
140	1	kookaburra/67208ba1-56e8-43b2-af56-c7f36a015a95_13500_16500.png
141	1	kookaburra/67208ba1-56e8-43b2-af56-c7f36a015a95_14000_17000.png
142	1	kookaburra/67208ba1-56e8-43b2-af56-c7f36a015a95_14500_17500.png
143	1	kookaburra/67208ba1-56e8-43b2-af56-c7f36a015a95_15000_18000.png
144	1	kookaburra/67208ba1-56e8-43b2-af56-c7f36a015a95_1500_4500.png
145	1	kookaburra/67208ba1-56e8-43b2-af56-c7f36a015a95_15500_18500.png
146	1	kookaburra/67208ba1-56e8-43b2-af56-c7f36a015a95_16500_19500.png
147	1	kookaburra/67208ba1-56e8-43b2-af56-c7f36a015a95_17500_20500.png
148	1	kookaburra/67208ba1-56e8-43b2-af56-c7f36a015a95_18000_21000.png
149	1	kookaburra/67208ba1-56e8-43b2-af56-c7f36a015a95_18500_21500.png
150	1	kookaburra/67208ba1-56e8-43b2-af56-c7f36a015a95_19000_22000.png
151	1	kookaburra/67208ba1-56e8-43b2-af56-c7f36a015a95_19500_22500.png
152	1	kookaburra/67208ba1-56e8-43b2-af56-c7f36a015a95_20000_23000.png
153	1	kookaburra/67208ba1-56e8-43b2-af56-c7f36a015a95_20500_23500.png
154	1	kookaburra/67208ba1-56e8-43b2-af56-c7f36a015a95_21000_24000.png
155	1	kookaburra/67208ba1-56e8-43b2-af56-c7f36a015a95_21500_24500.png
156	1	kookaburra/67208ba1-56e8-43b2-af56-c7f36a015a95_22000_25000.png
157	1	kookaburra/67208ba1-56e8-43b2-af56-c7f36a015a95_23000_26000.png
158	1	kookaburra/67208ba1-56e8-43b2-af56-c7f36a015a95_23500_26500.png
159	1	kookaburra/67208ba1-56e8-43b2-af56-c7f36a015a95_24000_27000.png
160	1	kookaburra/67208ba1-56e8-43b2-af56-c7f36a015a95_24500_27500.png
161	1	kookaburra/67208ba1-56e8-43b2-af56-c7f36a015a95_25000_28000.png
162	1	kookaburra/67208ba1-56e8-43b2-af56-c7f36a015a95_26000_29000.png
163	1	kookaburra/67208ba1-56e8-43b2-af56-c7f36a015a95_26500_29500.png
164	1	kookaburra/67208ba1-56e8-43b2-af56-c7f36a015a95_3000_6000.png
165	1	kookaburra/67208ba1-56e8-43b2-af56-c7f36a015a95_3500_6500.png
166	1	kookaburra/67208ba1-56e8-43b2-af56-c7f36a015a95_4000_7000.png
167	1	kookaburra/67208ba1-56e8-43b2-af56-c7f36a015a95_4500_7500.png
168	1	kookaburra/67208ba1-56e8-43b2-af56-c7f36a015a95_5000_8000.png
169	1	kookaburra/67208ba1-56e8-43b2-af56-c7f36a015a95_500_3500.png
170	1	kookaburra/67208ba1-56e8-43b2-af56-c7f36a015a95_5500_8500.png
171	1	kookaburra/67208ba1-56e8-43b2-af56-c7f36a015a95_6500_9500.png
172	1	kookaburra/67208ba1-56e8-43b2-af56-c7f36a015a95_7500_10500.png
173	1	kookaburra/67208ba1-56e8-43b2-af56-c7f36a015a95_8000_11000.png
174	1	kookaburra/67208ba1-56e8-43b2-af56-c7f36a015a95_8500_11500.png
175	1	kookaburra/67208ba1-56e8-43b2-af56-c7f36a015a95_9000_12000.png
176	1	kookaburra/718efcf9-5cd0-4aff-b7c4-5b6515b8f5be_0_3000.png
177	1	kookaburra/718efcf9-5cd0-4aff-b7c4-5b6515b8f5be_10000_13000.png
178	1	kookaburra/718efcf9-5cd0-4aff-b7c4-5b6515b8f5be_10500_13500.png
179	1	kookaburra/718efcf9-5cd0-4aff-b7c4-5b6515b8f5be_11000_14000.png
180	1	kookaburra/718efcf9-5cd0-4aff-b7c4-5b6515b8f5be_11500_14500.png
181	1	kookaburra/718efcf9-5cd0-4aff-b7c4-5b6515b8f5be_12500_15500.png
182	1	kookaburra/718efcf9-5cd0-4aff-b7c4-5b6515b8f5be_13000_16000.png
183	1	kookaburra/718efcf9-5cd0-4aff-b7c4-5b6515b8f5be_13500_16500.png
184	1	kookaburra/718efcf9-5cd0-4aff-b7c4-5b6515b8f5be_14000_17000.png
185	1	kookaburra/718efcf9-5cd0-4aff-b7c4-5b6515b8f5be_15000_18000.png
186	1	kookaburra/718efcf9-5cd0-4aff-b7c4-5b6515b8f5be_1500_4500.png
187	1	kookaburra/718efcf9-5cd0-4aff-b7c4-5b6515b8f5be_15500_18500.png
188	1	kookaburra/718efcf9-5cd0-4aff-b7c4-5b6515b8f5be_16500_19500.png
189	1	kookaburra/718efcf9-5cd0-4aff-b7c4-5b6515b8f5be_17000_20000.png
190	1	kookaburra/718efcf9-5cd0-4aff-b7c4-5b6515b8f5be_2000_5000.png
191	1	kookaburra/718efcf9-5cd0-4aff-b7c4-5b6515b8f5be_2500_5500.png
192	1	kookaburra/718efcf9-5cd0-4aff-b7c4-5b6515b8f5be_3000_6000.png
193	1	kookaburra/718efcf9-5cd0-4aff-b7c4-5b6515b8f5be_3500_6500.png
194	1	kookaburra/718efcf9-5cd0-4aff-b7c4-5b6515b8f5be_4000_7000.png
195	1	kookaburra/718efcf9-5cd0-4aff-b7c4-5b6515b8f5be_4500_7500.png
196	1	kookaburra/718efcf9-5cd0-4aff-b7c4-5b6515b8f5be_5000_8000.png
197	1	kookaburra/718efcf9-5cd0-4aff-b7c4-5b6515b8f5be_500_3500.png
198	1	kookaburra/718efcf9-5cd0-4aff-b7c4-5b6515b8f5be_5500_8500.png
199	1	kookaburra/718efcf9-5cd0-4aff-b7c4-5b6515b8f5be_6000_9000.png
200	1	kookaburra/718efcf9-5cd0-4aff-b7c4-5b6515b8f5be_7000_10000.png
201	1	kookaburra/718efcf9-5cd0-4aff-b7c4-5b6515b8f5be_7500_10500.png
202	1	kookaburra/718efcf9-5cd0-4aff-b7c4-5b6515b8f5be_8000_11000.png
203	1	kookaburra/718efcf9-5cd0-4aff-b7c4-5b6515b8f5be_9000_12000.png
204	1	kookaburra/718efcf9-5cd0-4aff-b7c4-5b6515b8f5be_9500_12500.png
205	1	kookaburra/7cbc1cd6-9114-4cc7-961b-7e0f336ad24d_stereo_0_3000.png
206	1	kookaburra/7cbc1cd6-9114-4cc7-961b-7e0f336ad24d_stereo_1000_4000.png
207	1	kookaburra/7cbc1cd6-9114-4cc7-961b-7e0f336ad24d_stereo_1500_4500.png
208	1	kookaburra/7cbc1cd6-9114-4cc7-961b-7e0f336ad24d_stereo_2000_5000.png
209	1	kookaburra/7cbc1cd6-9114-4cc7-961b-7e0f336ad24d_stereo_2500_5500.png
210	1	kookaburra/7cbc1cd6-9114-4cc7-961b-7e0f336ad24d_stereo_3000_6000.png
211	1	kookaburra/7cbc1cd6-9114-4cc7-961b-7e0f336ad24d_stereo_3500_6500.png
212	1	kookaburra/7cbc1cd6-9114-4cc7-961b-7e0f336ad24d_stereo_4500_7500.png
213	1	kookaburra/7cbc1cd6-9114-4cc7-961b-7e0f336ad24d_stereo_5000_8000.png
214	1	kookaburra/7cbc1cd6-9114-4cc7-961b-7e0f336ad24d_stereo_500_3500.png
215	1	kookaburra/7cbc1cd6-9114-4cc7-961b-7e0f336ad24d_stereo_5500_8500.png
216	1	kookaburra/7cbc1cd6-9114-4cc7-961b-7e0f336ad24d_stereo_6500_9500.png
217	1	kookaburra/7db70e1a-21b9-4282-b148-5e3d57fa6001_stereo_0_3000.png
218	1	kookaburra/7db70e1a-21b9-4282-b148-5e3d57fa6001_stereo_1000_4000.png
219	1	kookaburra/7db70e1a-21b9-4282-b148-5e3d57fa6001_stereo_1500_4500.png
220	1	kookaburra/7db70e1a-21b9-4282-b148-5e3d57fa6001_stereo_2000_5000.png
221	1	kookaburra/7db70e1a-21b9-4282-b148-5e3d57fa6001_stereo_2500_5500.png
222	1	kookaburra/7db70e1a-21b9-4282-b148-5e3d57fa6001_stereo_3500_6500.png
223	1	kookaburra/7db70e1a-21b9-4282-b148-5e3d57fa6001_stereo_4000_7000.png
224	1	kookaburra/7db70e1a-21b9-4282-b148-5e3d57fa6001_stereo_5000_8000.png
225	1	kookaburra/7db70e1a-21b9-4282-b148-5e3d57fa6001_stereo_500_3500.png
226	1	kookaburra/7db70e1a-21b9-4282-b148-5e3d57fa6001_stereo_5500_8500.png
227	1	kookaburra/7db70e1a-21b9-4282-b148-5e3d57fa6001_stereo_6000_9000.png
228	1	kookaburra/7db70e1a-21b9-4282-b148-5e3d57fa6001_stereo_7000_10000.png
229	1	kookaburra/7db70e1a-21b9-4282-b148-5e3d57fa6001_stereo_8000_11000.png
230	1	kookaburra/7db70e1a-21b9-4282-b148-5e3d57fa6001_stereo_8500_11500.png
231	1	kookaburra/d97ed3dc-f418-4451-907d-5c1a69fc40a5_stereo_1000_4000.png
232	1	kookaburra/d97ed3dc-f418-4451-907d-5c1a69fc40a5_stereo_2000_5000.png
233	1	kookaburra/d97ed3dc-f418-4451-907d-5c1a69fc40a5_stereo_2500_5500.png
234	1	kookaburra/d97ed3dc-f418-4451-907d-5c1a69fc40a5_stereo_3000_6000.png
235	1	kookaburra/d97ed3dc-f418-4451-907d-5c1a69fc40a5_stereo_3500_6500.png
236	1	kookaburra/d97ed3dc-f418-4451-907d-5c1a69fc40a5_stereo_4000_7000.png
237	1	kookaburra/d97ed3dc-f418-4451-907d-5c1a69fc40a5_stereo_4500_7500.png
238	1	kookaburra/d97ed3dc-f418-4451-907d-5c1a69fc40a5_stereo_5000_8000.png
239	1	kookaburra/d97ed3dc-f418-4451-907d-5c1a69fc40a5_stereo_500_3500.png
240	1	kookaburra/d97ed3dc-f418-4451-907d-5c1a69fc40a5_stereo_6000_9000.png
241	1	kookaburra/d97ed3dc-f418-4451-907d-5c1a69fc40a5_stereo_6500_9500.png
242	1	kookaburra/d97ed3dc-f418-4451-907d-5c1a69fc40a5_stereo_7500_10500.png
243	1	kookaburra/d97ed3dc-f418-4451-907d-5c1a69fc40a5_stereo_8000_11000.png
244	1	kookaburra/d97ed3dc-f418-4451-907d-5c1a69fc40a5_stereo_8500_11500.png
245	1	kookaburra/d97ed3dc-f418-4451-907d-5c1a69fc40a5_stereo_9000_12000.png
246	1	kookaburra/d97ed3dc-f418-4451-907d-5c1a69fc40a5_stereo_9500_12500.png
247	2	willie-wagtail/72fcdd4c-29f0-41f9-a32a-6f30f4a4bbcc_stereo_0_3000.png
248	2	willie-wagtail/72fcdd4c-29f0-41f9-a32a-6f30f4a4bbcc_stereo_10000_13000.png
249	2	willie-wagtail/72fcdd4c-29f0-41f9-a32a-6f30f4a4bbcc_stereo_1000_4000.png
250	2	willie-wagtail/72fcdd4c-29f0-41f9-a32a-6f30f4a4bbcc_stereo_11000_14000.png
251	2	willie-wagtail/72fcdd4c-29f0-41f9-a32a-6f30f4a4bbcc_stereo_11500_14500.png
252	2	willie-wagtail/72fcdd4c-29f0-41f9-a32a-6f30f4a4bbcc_stereo_12000_15000.png
253	2	willie-wagtail/72fcdd4c-29f0-41f9-a32a-6f30f4a4bbcc_stereo_12500_15500.png
254	2	willie-wagtail/72fcdd4c-29f0-41f9-a32a-6f30f4a4bbcc_stereo_13000_16000.png
255	2	willie-wagtail/72fcdd4c-29f0-41f9-a32a-6f30f4a4bbcc_stereo_14000_17000.png
256	2	willie-wagtail/72fcdd4c-29f0-41f9-a32a-6f30f4a4bbcc_stereo_14500_17500.png
257	2	willie-wagtail/72fcdd4c-29f0-41f9-a32a-6f30f4a4bbcc_stereo_15000_18000.png
258	2	willie-wagtail/72fcdd4c-29f0-41f9-a32a-6f30f4a4bbcc_stereo_16000_19000.png
259	2	willie-wagtail/72fcdd4c-29f0-41f9-a32a-6f30f4a4bbcc_stereo_16500_19500.png
260	2	willie-wagtail/72fcdd4c-29f0-41f9-a32a-6f30f4a4bbcc_stereo_17000_20000.png
261	2	willie-wagtail/72fcdd4c-29f0-41f9-a32a-6f30f4a4bbcc_stereo_17500_20500.png
262	2	willie-wagtail/72fcdd4c-29f0-41f9-a32a-6f30f4a4bbcc_stereo_18000_21000.png
263	2	willie-wagtail/72fcdd4c-29f0-41f9-a32a-6f30f4a4bbcc_stereo_19000_22000.png
264	2	willie-wagtail/72fcdd4c-29f0-41f9-a32a-6f30f4a4bbcc_stereo_20000_23000.png
265	2	willie-wagtail/72fcdd4c-29f0-41f9-a32a-6f30f4a4bbcc_stereo_20500_23500.png
266	2	willie-wagtail/72fcdd4c-29f0-41f9-a32a-6f30f4a4bbcc_stereo_21000_24000.png
267	2	willie-wagtail/72fcdd4c-29f0-41f9-a32a-6f30f4a4bbcc_stereo_21500_24500.png
268	2	willie-wagtail/72fcdd4c-29f0-41f9-a32a-6f30f4a4bbcc_stereo_22000_25000.png
269	2	willie-wagtail/72fcdd4c-29f0-41f9-a32a-6f30f4a4bbcc_stereo_22500_25500.png
270	2	willie-wagtail/72fcdd4c-29f0-41f9-a32a-6f30f4a4bbcc_stereo_23000_26000.png
271	2	willie-wagtail/72fcdd4c-29f0-41f9-a32a-6f30f4a4bbcc_stereo_23500_26500.png
272	2	willie-wagtail/72fcdd4c-29f0-41f9-a32a-6f30f4a4bbcc_stereo_24000_27000.png
273	2	willie-wagtail/72fcdd4c-29f0-41f9-a32a-6f30f4a4bbcc_stereo_25000_28000.png
274	2	willie-wagtail/72fcdd4c-29f0-41f9-a32a-6f30f4a4bbcc_stereo_2500_5500.png
275	2	willie-wagtail/72fcdd4c-29f0-41f9-a32a-6f30f4a4bbcc_stereo_27000_30000.png
276	2	willie-wagtail/72fcdd4c-29f0-41f9-a32a-6f30f4a4bbcc_stereo_27500_30500.png
277	2	willie-wagtail/72fcdd4c-29f0-41f9-a32a-6f30f4a4bbcc_stereo_28500_31500.png
278	2	willie-wagtail/72fcdd4c-29f0-41f9-a32a-6f30f4a4bbcc_stereo_29000_32000.png
279	2	willie-wagtail/72fcdd4c-29f0-41f9-a32a-6f30f4a4bbcc_stereo_29500_32500.png
280	2	willie-wagtail/72fcdd4c-29f0-41f9-a32a-6f30f4a4bbcc_stereo_30000_33000.png
281	2	willie-wagtail/72fcdd4c-29f0-41f9-a32a-6f30f4a4bbcc_stereo_31000_34000.png
282	2	willie-wagtail/72fcdd4c-29f0-41f9-a32a-6f30f4a4bbcc_stereo_31500_34500.png
283	2	willie-wagtail/72fcdd4c-29f0-41f9-a32a-6f30f4a4bbcc_stereo_32500_35500.png
284	2	willie-wagtail/72fcdd4c-29f0-41f9-a32a-6f30f4a4bbcc_stereo_33000_36000.png
285	2	willie-wagtail/72fcdd4c-29f0-41f9-a32a-6f30f4a4bbcc_stereo_33500_36500.png
286	2	willie-wagtail/72fcdd4c-29f0-41f9-a32a-6f30f4a4bbcc_stereo_34500_37500.png
287	2	willie-wagtail/72fcdd4c-29f0-41f9-a32a-6f30f4a4bbcc_stereo_3500_6500.png
288	2	willie-wagtail/72fcdd4c-29f0-41f9-a32a-6f30f4a4bbcc_stereo_35500_38500.png
289	2	willie-wagtail/72fcdd4c-29f0-41f9-a32a-6f30f4a4bbcc_stereo_36000_39000.png
290	2	willie-wagtail/72fcdd4c-29f0-41f9-a32a-6f30f4a4bbcc_stereo_36500_39500.png
291	2	willie-wagtail/72fcdd4c-29f0-41f9-a32a-6f30f4a4bbcc_stereo_37000_40000.png
292	2	willie-wagtail/72fcdd4c-29f0-41f9-a32a-6f30f4a4bbcc_stereo_37500_40500.png
293	2	willie-wagtail/72fcdd4c-29f0-41f9-a32a-6f30f4a4bbcc_stereo_38000_41000.png
294	2	willie-wagtail/72fcdd4c-29f0-41f9-a32a-6f30f4a4bbcc_stereo_38500_41500.png
295	2	willie-wagtail/72fcdd4c-29f0-41f9-a32a-6f30f4a4bbcc_stereo_39000_42000.png
296	2	willie-wagtail/72fcdd4c-29f0-41f9-a32a-6f30f4a4bbcc_stereo_39500_42500.png
297	2	willie-wagtail/72fcdd4c-29f0-41f9-a32a-6f30f4a4bbcc_stereo_40000_43000.png
298	2	willie-wagtail/72fcdd4c-29f0-41f9-a32a-6f30f4a4bbcc_stereo_4000_7000.png
299	2	willie-wagtail/72fcdd4c-29f0-41f9-a32a-6f30f4a4bbcc_stereo_40500_43500.png
300	2	willie-wagtail/72fcdd4c-29f0-41f9-a32a-6f30f4a4bbcc_stereo_41000_44000.png
301	2	willie-wagtail/72fcdd4c-29f0-41f9-a32a-6f30f4a4bbcc_stereo_41500_44500.png
302	2	willie-wagtail/72fcdd4c-29f0-41f9-a32a-6f30f4a4bbcc_stereo_42000_45000.png
303	2	willie-wagtail/72fcdd4c-29f0-41f9-a32a-6f30f4a4bbcc_stereo_42500_45500.png
304	2	willie-wagtail/72fcdd4c-29f0-41f9-a32a-6f30f4a4bbcc_stereo_43500_46500.png
305	2	willie-wagtail/72fcdd4c-29f0-41f9-a32a-6f30f4a4bbcc_stereo_44000_47000.png
306	2	willie-wagtail/72fcdd4c-29f0-41f9-a32a-6f30f4a4bbcc_stereo_45000_48000.png
307	2	willie-wagtail/72fcdd4c-29f0-41f9-a32a-6f30f4a4bbcc_stereo_4500_7500.png
308	2	willie-wagtail/72fcdd4c-29f0-41f9-a32a-6f30f4a4bbcc_stereo_45500_48500.png
309	2	willie-wagtail/72fcdd4c-29f0-41f9-a32a-6f30f4a4bbcc_stereo_46000_49000.png
310	2	willie-wagtail/72fcdd4c-29f0-41f9-a32a-6f30f4a4bbcc_stereo_46500_49500.png
311	2	willie-wagtail/72fcdd4c-29f0-41f9-a32a-6f30f4a4bbcc_stereo_47000_50000.png
312	2	willie-wagtail/72fcdd4c-29f0-41f9-a32a-6f30f4a4bbcc_stereo_47500_50500.png
313	2	willie-wagtail/72fcdd4c-29f0-41f9-a32a-6f30f4a4bbcc_stereo_49000_52000.png
314	2	willie-wagtail/72fcdd4c-29f0-41f9-a32a-6f30f4a4bbcc_stereo_49500_52500.png
315	2	willie-wagtail/72fcdd4c-29f0-41f9-a32a-6f30f4a4bbcc_stereo_5000_8000.png
316	2	willie-wagtail/72fcdd4c-29f0-41f9-a32a-6f30f4a4bbcc_stereo_500_3500.png
317	2	willie-wagtail/72fcdd4c-29f0-41f9-a32a-6f30f4a4bbcc_stereo_50500_53500.png
318	2	willie-wagtail/72fcdd4c-29f0-41f9-a32a-6f30f4a4bbcc_stereo_51000_54000.png
319	2	willie-wagtail/72fcdd4c-29f0-41f9-a32a-6f30f4a4bbcc_stereo_52000_55000.png
320	2	willie-wagtail/72fcdd4c-29f0-41f9-a32a-6f30f4a4bbcc_stereo_53000_56000.png
321	2	willie-wagtail/72fcdd4c-29f0-41f9-a32a-6f30f4a4bbcc_stereo_53500_56500.png
322	2	willie-wagtail/72fcdd4c-29f0-41f9-a32a-6f30f4a4bbcc_stereo_54000_57000.png
323	2	willie-wagtail/72fcdd4c-29f0-41f9-a32a-6f30f4a4bbcc_stereo_54500_57500.png
324	2	willie-wagtail/72fcdd4c-29f0-41f9-a32a-6f30f4a4bbcc_stereo_55000_58000.png
325	2	willie-wagtail/72fcdd4c-29f0-41f9-a32a-6f30f4a4bbcc_stereo_5500_8500.png
326	2	willie-wagtail/72fcdd4c-29f0-41f9-a32a-6f30f4a4bbcc_stereo_55500_58500.png
327	2	willie-wagtail/72fcdd4c-29f0-41f9-a32a-6f30f4a4bbcc_stereo_56000_59000.png
328	2	willie-wagtail/72fcdd4c-29f0-41f9-a32a-6f30f4a4bbcc_stereo_56500_59500.png
329	2	willie-wagtail/72fcdd4c-29f0-41f9-a32a-6f30f4a4bbcc_stereo_57000_60000.png
330	2	willie-wagtail/72fcdd4c-29f0-41f9-a32a-6f30f4a4bbcc_stereo_57500_60500.png
331	2	willie-wagtail/72fcdd4c-29f0-41f9-a32a-6f30f4a4bbcc_stereo_58000_61000.png
332	2	willie-wagtail/72fcdd4c-29f0-41f9-a32a-6f30f4a4bbcc_stereo_59500_62500.png
333	2	willie-wagtail/72fcdd4c-29f0-41f9-a32a-6f30f4a4bbcc_stereo_60000_63000.png
334	2	willie-wagtail/72fcdd4c-29f0-41f9-a32a-6f30f4a4bbcc_stereo_6000_9000.png
335	2	willie-wagtail/72fcdd4c-29f0-41f9-a32a-6f30f4a4bbcc_stereo_60500_63500.png
336	2	willie-wagtail/72fcdd4c-29f0-41f9-a32a-6f30f4a4bbcc_stereo_61000_64000.png
337	2	willie-wagtail/72fcdd4c-29f0-41f9-a32a-6f30f4a4bbcc_stereo_61500_64500.png
338	2	willie-wagtail/72fcdd4c-29f0-41f9-a32a-6f30f4a4bbcc_stereo_62000_65000.png
339	2	willie-wagtail/72fcdd4c-29f0-41f9-a32a-6f30f4a4bbcc_stereo_62500_65500.png
340	2	willie-wagtail/72fcdd4c-29f0-41f9-a32a-6f30f4a4bbcc_stereo_63500_66500.png
341	2	willie-wagtail/72fcdd4c-29f0-41f9-a32a-6f30f4a4bbcc_stereo_64000_67000.png
342	2	willie-wagtail/72fcdd4c-29f0-41f9-a32a-6f30f4a4bbcc_stereo_64500_67500.png
343	2	willie-wagtail/72fcdd4c-29f0-41f9-a32a-6f30f4a4bbcc_stereo_65000_68000.png
344	2	willie-wagtail/72fcdd4c-29f0-41f9-a32a-6f30f4a4bbcc_stereo_6500_9500.png
345	2	willie-wagtail/72fcdd4c-29f0-41f9-a32a-6f30f4a4bbcc_stereo_65500_68500.png
346	2	willie-wagtail/72fcdd4c-29f0-41f9-a32a-6f30f4a4bbcc_stereo_7000_10000.png
347	2	willie-wagtail/72fcdd4c-29f0-41f9-a32a-6f30f4a4bbcc_stereo_7500_10500.png
348	2	willie-wagtail/72fcdd4c-29f0-41f9-a32a-6f30f4a4bbcc_stereo_8000_11000.png
349	2	willie-wagtail/72fcdd4c-29f0-41f9-a32a-6f30f4a4bbcc_stereo_9000_12000.png
350	2	willie-wagtail/72fcdd4c-29f0-41f9-a32a-6f30f4a4bbcc_stereo_9500_12500.png
351	2	willie-wagtail/8172248b-c4fd-42f7-ba99-08e0b4bbdba6_stereo_0_3000.png
352	2	willie-wagtail/8172248b-c4fd-42f7-ba99-08e0b4bbdba6_stereo_10000_13000.png
353	2	willie-wagtail/8172248b-c4fd-42f7-ba99-08e0b4bbdba6_stereo_1000_4000.png
354	2	willie-wagtail/8172248b-c4fd-42f7-ba99-08e0b4bbdba6_stereo_10500_13500.png
355	2	willie-wagtail/8172248b-c4fd-42f7-ba99-08e0b4bbdba6_stereo_11000_14000.png
356	2	willie-wagtail/8172248b-c4fd-42f7-ba99-08e0b4bbdba6_stereo_11500_14500.png
357	2	willie-wagtail/8172248b-c4fd-42f7-ba99-08e0b4bbdba6_stereo_12000_15000.png
358	2	willie-wagtail/8172248b-c4fd-42f7-ba99-08e0b4bbdba6_stereo_12500_15500.png
359	2	willie-wagtail/8172248b-c4fd-42f7-ba99-08e0b4bbdba6_stereo_13000_16000.png
360	2	willie-wagtail/8172248b-c4fd-42f7-ba99-08e0b4bbdba6_stereo_13500_16500.png
361	2	willie-wagtail/8172248b-c4fd-42f7-ba99-08e0b4bbdba6_stereo_14500_17500.png
362	2	willie-wagtail/8172248b-c4fd-42f7-ba99-08e0b4bbdba6_stereo_15000_18000.png
363	2	willie-wagtail/8172248b-c4fd-42f7-ba99-08e0b4bbdba6_stereo_1500_4500.png
364	2	willie-wagtail/8172248b-c4fd-42f7-ba99-08e0b4bbdba6_stereo_15500_18500.png
365	2	willie-wagtail/8172248b-c4fd-42f7-ba99-08e0b4bbdba6_stereo_16000_19000.png
366	2	willie-wagtail/8172248b-c4fd-42f7-ba99-08e0b4bbdba6_stereo_16500_19500.png
367	2	willie-wagtail/8172248b-c4fd-42f7-ba99-08e0b4bbdba6_stereo_17000_20000.png
368	2	willie-wagtail/8172248b-c4fd-42f7-ba99-08e0b4bbdba6_stereo_17500_20500.png
369	2	willie-wagtail/8172248b-c4fd-42f7-ba99-08e0b4bbdba6_stereo_18000_21000.png
370	2	willie-wagtail/8172248b-c4fd-42f7-ba99-08e0b4bbdba6_stereo_18500_21500.png
371	2	willie-wagtail/8172248b-c4fd-42f7-ba99-08e0b4bbdba6_stereo_2500_5500.png
372	2	willie-wagtail/8172248b-c4fd-42f7-ba99-08e0b4bbdba6_stereo_3000_6000.png
373	2	willie-wagtail/8172248b-c4fd-42f7-ba99-08e0b4bbdba6_stereo_3500_6500.png
374	2	willie-wagtail/8172248b-c4fd-42f7-ba99-08e0b4bbdba6_stereo_4500_7500.png
375	2	willie-wagtail/8172248b-c4fd-42f7-ba99-08e0b4bbdba6_stereo_5000_8000.png
376	2	willie-wagtail/8172248b-c4fd-42f7-ba99-08e0b4bbdba6_stereo_500_3500.png
377	2	willie-wagtail/8172248b-c4fd-42f7-ba99-08e0b4bbdba6_stereo_5500_8500.png
378	2	willie-wagtail/8172248b-c4fd-42f7-ba99-08e0b4bbdba6_stereo_6000_9000.png
379	2	willie-wagtail/8172248b-c4fd-42f7-ba99-08e0b4bbdba6_stereo_6500_9500.png
380	2	willie-wagtail/8172248b-c4fd-42f7-ba99-08e0b4bbdba6_stereo_7000_10000.png
381	2	willie-wagtail/8172248b-c4fd-42f7-ba99-08e0b4bbdba6_stereo_7500_10500.png
382	2	willie-wagtail/8172248b-c4fd-42f7-ba99-08e0b4bbdba6_stereo_8000_11000.png
383	2	willie-wagtail/8172248b-c4fd-42f7-ba99-08e0b4bbdba6_stereo_8500_11500.png
384	2	willie-wagtail/8172248b-c4fd-42f7-ba99-08e0b4bbdba6_stereo_9000_12000.png
385	2	willie-wagtail/8172248b-c4fd-42f7-ba99-08e0b4bbdba6_stereo_9500_12500.png
386	2	willie-wagtail/8b8966e8-160c-4368-8fbc-8de7995437bb_stereo_10000_13000.png
387	2	willie-wagtail/8b8966e8-160c-4368-8fbc-8de7995437bb_stereo_1000_4000.png
388	2	willie-wagtail/8b8966e8-160c-4368-8fbc-8de7995437bb_stereo_10500_13500.png
389	2	willie-wagtail/8b8966e8-160c-4368-8fbc-8de7995437bb_stereo_11000_14000.png
390	2	willie-wagtail/8b8966e8-160c-4368-8fbc-8de7995437bb_stereo_11500_14500.png
391	2	willie-wagtail/8b8966e8-160c-4368-8fbc-8de7995437bb_stereo_1500_4500.png
392	2	willie-wagtail/8b8966e8-160c-4368-8fbc-8de7995437bb_stereo_2000_5000.png
393	2	willie-wagtail/8b8966e8-160c-4368-8fbc-8de7995437bb_stereo_2500_5500.png
394	2	willie-wagtail/8b8966e8-160c-4368-8fbc-8de7995437bb_stereo_3000_6000.png
395	2	willie-wagtail/8b8966e8-160c-4368-8fbc-8de7995437bb_stereo_4000_7000.png
396	2	willie-wagtail/8b8966e8-160c-4368-8fbc-8de7995437bb_stereo_4500_7500.png
397	2	willie-wagtail/8b8966e8-160c-4368-8fbc-8de7995437bb_stereo_500_3500.png
398	2	willie-wagtail/8b8966e8-160c-4368-8fbc-8de7995437bb_stereo_5500_8500.png
399	2	willie-wagtail/8b8966e8-160c-4368-8fbc-8de7995437bb_stereo_6000_9000.png
400	2	willie-wagtail/8b8966e8-160c-4368-8fbc-8de7995437bb_stereo_7500_10500.png
401	2	willie-wagtail/8b8966e8-160c-4368-8fbc-8de7995437bb_stereo_8000_11000.png
402	2	willie-wagtail/8b8966e8-160c-4368-8fbc-8de7995437bb_stereo_8500_11500.png
403	2	willie-wagtail/8b8966e8-160c-4368-8fbc-8de7995437bb_stereo_9000_12000.png
404	2	willie-wagtail/8b8966e8-160c-4368-8fbc-8de7995437bb_stereo_9500_12500.png
405	2	willie-wagtail/c6ba1940-c034-4e8a-8c9b-982c68c1fa2d_stereo_0_3000.png
406	2	willie-wagtail/c6ba1940-c034-4e8a-8c9b-982c68c1fa2d_stereo_500_3500.png
407	2	willie-wagtail/ca6cafb4-39f5-4a3c-8eec-2a27dd4f334f_stereo_0_3000.png
408	2	willie-wagtail/ca6cafb4-39f5-4a3c-8eec-2a27dd4f334f_stereo_10000_13000.png
409	2	willie-wagtail/ca6cafb4-39f5-4a3c-8eec-2a27dd4f334f_stereo_10500_13500.png
410	2	willie-wagtail/ca6cafb4-39f5-4a3c-8eec-2a27dd4f334f_stereo_11500_14500.png
411	2	willie-wagtail/ca6cafb4-39f5-4a3c-8eec-2a27dd4f334f_stereo_12000_15000.png
412	2	willie-wagtail/ca6cafb4-39f5-4a3c-8eec-2a27dd4f334f_stereo_12500_15500.png
413	2	willie-wagtail/ca6cafb4-39f5-4a3c-8eec-2a27dd4f334f_stereo_13000_16000.png
414	2	willie-wagtail/ca6cafb4-39f5-4a3c-8eec-2a27dd4f334f_stereo_15000_18000.png
415	2	willie-wagtail/ca6cafb4-39f5-4a3c-8eec-2a27dd4f334f_stereo_15500_18500.png
416	2	willie-wagtail/ca6cafb4-39f5-4a3c-8eec-2a27dd4f334f_stereo_18000_21000.png
417	2	willie-wagtail/ca6cafb4-39f5-4a3c-8eec-2a27dd4f334f_stereo_19000_22000.png
418	2	willie-wagtail/ca6cafb4-39f5-4a3c-8eec-2a27dd4f334f_stereo_19500_22500.png
419	2	willie-wagtail/ca6cafb4-39f5-4a3c-8eec-2a27dd4f334f_stereo_20000_23000.png
420	2	willie-wagtail/ca6cafb4-39f5-4a3c-8eec-2a27dd4f334f_stereo_2000_5000.png
421	2	willie-wagtail/ca6cafb4-39f5-4a3c-8eec-2a27dd4f334f_stereo_21000_24000.png
422	2	willie-wagtail/ca6cafb4-39f5-4a3c-8eec-2a27dd4f334f_stereo_21500_24500.png
423	2	willie-wagtail/ca6cafb4-39f5-4a3c-8eec-2a27dd4f334f_stereo_22000_25000.png
424	2	willie-wagtail/ca6cafb4-39f5-4a3c-8eec-2a27dd4f334f_stereo_22500_25500.png
425	2	willie-wagtail/ca6cafb4-39f5-4a3c-8eec-2a27dd4f334f_stereo_23000_26000.png
426	2	willie-wagtail/ca6cafb4-39f5-4a3c-8eec-2a27dd4f334f_stereo_23500_26500.png
427	2	willie-wagtail/ca6cafb4-39f5-4a3c-8eec-2a27dd4f334f_stereo_2500_5500.png
428	2	willie-wagtail/ca6cafb4-39f5-4a3c-8eec-2a27dd4f334f_stereo_3000_6000.png
429	2	willie-wagtail/ca6cafb4-39f5-4a3c-8eec-2a27dd4f334f_stereo_3500_6500.png
430	2	willie-wagtail/ca6cafb4-39f5-4a3c-8eec-2a27dd4f334f_stereo_4000_7000.png
431	2	willie-wagtail/ca6cafb4-39f5-4a3c-8eec-2a27dd4f334f_stereo_4500_7500.png
432	2	willie-wagtail/ca6cafb4-39f5-4a3c-8eec-2a27dd4f334f_stereo_5000_8000.png
433	2	willie-wagtail/ca6cafb4-39f5-4a3c-8eec-2a27dd4f334f_stereo_5500_8500.png
434	2	willie-wagtail/ca6cafb4-39f5-4a3c-8eec-2a27dd4f334f_stereo_6000_9000.png
435	2	willie-wagtail/ca6cafb4-39f5-4a3c-8eec-2a27dd4f334f_stereo_7000_10000.png
436	2	willie-wagtail/ca6cafb4-39f5-4a3c-8eec-2a27dd4f334f_stereo_7500_10500.png
437	2	willie-wagtail/ca6cafb4-39f5-4a3c-8eec-2a27dd4f334f_stereo_8000_11000.png
438	2	willie-wagtail/ca6cafb4-39f5-4a3c-8eec-2a27dd4f334f_stereo_8500_11500.png
439	2	willie-wagtail/ca6cafb4-39f5-4a3c-8eec-2a27dd4f334f_stereo_9000_12000.png
440	2	willie-wagtail/ca6cafb4-39f5-4a3c-8eec-2a27dd4f334f_stereo_9500_12500.png
441	2	willie-wagtail/e1207b26-da74-4c54-bc3f-2ee021d33184_stereo_0_3000.png
442	2	willie-wagtail/e1207b26-da74-4c54-bc3f-2ee021d33184_stereo_1000_4000.png
443	2	willie-wagtail/e1207b26-da74-4c54-bc3f-2ee021d33184_stereo_1500_4500.png
444	2	willie-wagtail/e1207b26-da74-4c54-bc3f-2ee021d33184_stereo_2000_5000.png
445	2	willie-wagtail/e1207b26-da74-4c54-bc3f-2ee021d33184_stereo_2500_5500.png
446	2	willie-wagtail/e1207b26-da74-4c54-bc3f-2ee021d33184_stereo_3000_6000.png
447	2	willie-wagtail/e1207b26-da74-4c54-bc3f-2ee021d33184_stereo_4000_7000.png
448	2	willie-wagtail/e1207b26-da74-4c54-bc3f-2ee021d33184_stereo_4500_7500.png
449	2	willie-wagtail/e1207b26-da74-4c54-bc3f-2ee021d33184_stereo_5000_8000.png
450	2	willie-wagtail/e1207b26-da74-4c54-bc3f-2ee021d33184_stereo_500_3500.png
451	2	willie-wagtail/e1207b26-da74-4c54-bc3f-2ee021d33184_stereo_5500_8500.png
452	2	willie-wagtail/e51f336f-e3a5-476d-87ed-cd73ee68e81e-long_stereo_0_3000.png
453	2	willie-wagtail/e51f336f-e3a5-476d-87ed-cd73ee68e81e-long_stereo_1000_4000.png
454	2	willie-wagtail/e51f336f-e3a5-476d-87ed-cd73ee68e81e-long_stereo_1500_4500.png
455	2	willie-wagtail/e51f336f-e3a5-476d-87ed-cd73ee68e81e-long_stereo_2500_5500.png
456	2	willie-wagtail/eb3e101c-4f12-4057-880d-dad68da259a5_stereo_0_3000.png
457	2	willie-wagtail/eb3e101c-4f12-4057-880d-dad68da259a5_stereo_10000_13000.png
458	2	willie-wagtail/eb3e101c-4f12-4057-880d-dad68da259a5_stereo_1000_4000.png
459	2	willie-wagtail/eb3e101c-4f12-4057-880d-dad68da259a5_stereo_10500_13500.png
460	2	willie-wagtail/eb3e101c-4f12-4057-880d-dad68da259a5_stereo_11000_14000.png
461	2	willie-wagtail/eb3e101c-4f12-4057-880d-dad68da259a5_stereo_11500_14500.png
462	2	willie-wagtail/eb3e101c-4f12-4057-880d-dad68da259a5_stereo_12000_15000.png
463	2	willie-wagtail/eb3e101c-4f12-4057-880d-dad68da259a5_stereo_12500_15500.png
464	2	willie-wagtail/eb3e101c-4f12-4057-880d-dad68da259a5_stereo_13000_16000.png
465	2	willie-wagtail/eb3e101c-4f12-4057-880d-dad68da259a5_stereo_14000_17000.png
466	2	willie-wagtail/eb3e101c-4f12-4057-880d-dad68da259a5_stereo_14500_17500.png
467	2	willie-wagtail/eb3e101c-4f12-4057-880d-dad68da259a5_stereo_15000_18000.png
468	2	willie-wagtail/eb3e101c-4f12-4057-880d-dad68da259a5_stereo_1500_4500.png
469	2	willie-wagtail/eb3e101c-4f12-4057-880d-dad68da259a5_stereo_15500_18500.png
470	2	willie-wagtail/eb3e101c-4f12-4057-880d-dad68da259a5_stereo_16000_19000.png
471	2	willie-wagtail/eb3e101c-4f12-4057-880d-dad68da259a5_stereo_17000_20000.png
472	2	willie-wagtail/eb3e101c-4f12-4057-880d-dad68da259a5_stereo_17500_20500.png
473	2	willie-wagtail/eb3e101c-4f12-4057-880d-dad68da259a5_stereo_18000_21000.png
474	2	willie-wagtail/eb3e101c-4f12-4057-880d-dad68da259a5_stereo_18500_21500.png
475	2	willie-wagtail/eb3e101c-4f12-4057-880d-dad68da259a5_stereo_20000_23000.png
476	2	willie-wagtail/eb3e101c-4f12-4057-880d-dad68da259a5_stereo_20500_23500.png
477	2	willie-wagtail/eb3e101c-4f12-4057-880d-dad68da259a5_stereo_21000_24000.png
478	2	willie-wagtail/eb3e101c-4f12-4057-880d-dad68da259a5_stereo_21500_24500.png
479	2	willie-wagtail/eb3e101c-4f12-4057-880d-dad68da259a5_stereo_22000_25000.png
480	2	willie-wagtail/eb3e101c-4f12-4057-880d-dad68da259a5_stereo_22500_25500.png
481	2	willie-wagtail/eb3e101c-4f12-4057-880d-dad68da259a5_stereo_23000_26000.png
482	2	willie-wagtail/eb3e101c-4f12-4057-880d-dad68da259a5_stereo_23500_26500.png
483	2	willie-wagtail/eb3e101c-4f12-4057-880d-dad68da259a5_stereo_24000_27000.png
484	2	willie-wagtail/eb3e101c-4f12-4057-880d-dad68da259a5_stereo_24500_27500.png
485	2	willie-wagtail/eb3e101c-4f12-4057-880d-dad68da259a5_stereo_25000_28000.png
486	2	willie-wagtail/eb3e101c-4f12-4057-880d-dad68da259a5_stereo_2500_5500.png
487	2	willie-wagtail/eb3e101c-4f12-4057-880d-dad68da259a5_stereo_25500_28500.png
488	2	willie-wagtail/eb3e101c-4f12-4057-880d-dad68da259a5_stereo_26000_29000.png
489	2	willie-wagtail/eb3e101c-4f12-4057-880d-dad68da259a5_stereo_26500_29500.png
490	2	willie-wagtail/eb3e101c-4f12-4057-880d-dad68da259a5_stereo_27000_30000.png
491	2	willie-wagtail/eb3e101c-4f12-4057-880d-dad68da259a5_stereo_28000_31000.png
492	2	willie-wagtail/eb3e101c-4f12-4057-880d-dad68da259a5_stereo_28500_31500.png
493	2	willie-wagtail/eb3e101c-4f12-4057-880d-dad68da259a5_stereo_29500_32500.png
494	2	willie-wagtail/eb3e101c-4f12-4057-880d-dad68da259a5_stereo_30000_33000.png
495	2	willie-wagtail/eb3e101c-4f12-4057-880d-dad68da259a5_stereo_3000_6000.png
496	2	willie-wagtail/eb3e101c-4f12-4057-880d-dad68da259a5_stereo_30500_33500.png
497	2	willie-wagtail/eb3e101c-4f12-4057-880d-dad68da259a5_stereo_31500_34500.png
498	2	willie-wagtail/eb3e101c-4f12-4057-880d-dad68da259a5_stereo_32000_35000.png
499	2	willie-wagtail/eb3e101c-4f12-4057-880d-dad68da259a5_stereo_33000_36000.png
500	2	willie-wagtail/eb3e101c-4f12-4057-880d-dad68da259a5_stereo_33500_36500.png
501	2	willie-wagtail/eb3e101c-4f12-4057-880d-dad68da259a5_stereo_34000_37000.png
502	2	willie-wagtail/eb3e101c-4f12-4057-880d-dad68da259a5_stereo_34500_37500.png
503	2	willie-wagtail/eb3e101c-4f12-4057-880d-dad68da259a5_stereo_3500_6500.png
504	2	willie-wagtail/eb3e101c-4f12-4057-880d-dad68da259a5_stereo_35500_38500.png
505	2	willie-wagtail/eb3e101c-4f12-4057-880d-dad68da259a5_stereo_36000_39000.png
506	2	willie-wagtail/eb3e101c-4f12-4057-880d-dad68da259a5_stereo_36500_39500.png
507	2	willie-wagtail/eb3e101c-4f12-4057-880d-dad68da259a5_stereo_37000_40000.png
508	2	willie-wagtail/eb3e101c-4f12-4057-880d-dad68da259a5_stereo_37500_40500.png
509	2	willie-wagtail/eb3e101c-4f12-4057-880d-dad68da259a5_stereo_38000_41000.png
510	2	willie-wagtail/eb3e101c-4f12-4057-880d-dad68da259a5_stereo_38500_41500.png
511	2	willie-wagtail/eb3e101c-4f12-4057-880d-dad68da259a5_stereo_39000_42000.png
512	2	willie-wagtail/eb3e101c-4f12-4057-880d-dad68da259a5_stereo_39500_42500.png
513	2	willie-wagtail/eb3e101c-4f12-4057-880d-dad68da259a5_stereo_40000_43000.png
514	2	willie-wagtail/eb3e101c-4f12-4057-880d-dad68da259a5_stereo_4000_7000.png
515	2	willie-wagtail/eb3e101c-4f12-4057-880d-dad68da259a5_stereo_41500_44500.png
516	2	willie-wagtail/eb3e101c-4f12-4057-880d-dad68da259a5_stereo_42500_45500.png
517	2	willie-wagtail/eb3e101c-4f12-4057-880d-dad68da259a5_stereo_43500_46500.png
518	2	willie-wagtail/eb3e101c-4f12-4057-880d-dad68da259a5_stereo_44000_47000.png
519	2	willie-wagtail/eb3e101c-4f12-4057-880d-dad68da259a5_stereo_44500_47500.png
520	2	willie-wagtail/eb3e101c-4f12-4057-880d-dad68da259a5_stereo_45000_48000.png
521	2	willie-wagtail/eb3e101c-4f12-4057-880d-dad68da259a5_stereo_46000_49000.png
522	2	willie-wagtail/eb3e101c-4f12-4057-880d-dad68da259a5_stereo_46500_49500.png
523	2	willie-wagtail/eb3e101c-4f12-4057-880d-dad68da259a5_stereo_47000_50000.png
524	2	willie-wagtail/eb3e101c-4f12-4057-880d-dad68da259a5_stereo_48000_51000.png
525	2	willie-wagtail/eb3e101c-4f12-4057-880d-dad68da259a5_stereo_48500_51500.png
526	2	willie-wagtail/eb3e101c-4f12-4057-880d-dad68da259a5_stereo_49000_52000.png
527	2	willie-wagtail/eb3e101c-4f12-4057-880d-dad68da259a5_stereo_50000_53000.png
528	2	willie-wagtail/eb3e101c-4f12-4057-880d-dad68da259a5_stereo_5000_8000.png
529	2	willie-wagtail/eb3e101c-4f12-4057-880d-dad68da259a5_stereo_500_3500.png
530	2	willie-wagtail/eb3e101c-4f12-4057-880d-dad68da259a5_stereo_50500_53500.png
531	2	willie-wagtail/eb3e101c-4f12-4057-880d-dad68da259a5_stereo_51000_54000.png
532	2	willie-wagtail/eb3e101c-4f12-4057-880d-dad68da259a5_stereo_51500_54500.png
533	2	willie-wagtail/eb3e101c-4f12-4057-880d-dad68da259a5_stereo_52500_55500.png
534	2	willie-wagtail/eb3e101c-4f12-4057-880d-dad68da259a5_stereo_53000_56000.png
535	2	willie-wagtail/eb3e101c-4f12-4057-880d-dad68da259a5_stereo_53500_56500.png
536	2	willie-wagtail/eb3e101c-4f12-4057-880d-dad68da259a5_stereo_54000_57000.png
537	2	willie-wagtail/eb3e101c-4f12-4057-880d-dad68da259a5_stereo_55000_58000.png
538	2	willie-wagtail/eb3e101c-4f12-4057-880d-dad68da259a5_stereo_5500_8500.png
539	2	willie-wagtail/eb3e101c-4f12-4057-880d-dad68da259a5_stereo_56000_59000.png
540	2	willie-wagtail/eb3e101c-4f12-4057-880d-dad68da259a5_stereo_56500_59500.png
541	2	willie-wagtail/eb3e101c-4f12-4057-880d-dad68da259a5_stereo_57000_60000.png
542	2	willie-wagtail/eb3e101c-4f12-4057-880d-dad68da259a5_stereo_57500_60500.png
543	2	willie-wagtail/eb3e101c-4f12-4057-880d-dad68da259a5_stereo_58000_61000.png
544	2	willie-wagtail/eb3e101c-4f12-4057-880d-dad68da259a5_stereo_58500_61500.png
545	2	willie-wagtail/eb3e101c-4f12-4057-880d-dad68da259a5_stereo_59000_62000.png
546	2	willie-wagtail/eb3e101c-4f12-4057-880d-dad68da259a5_stereo_59500_62500.png
547	2	willie-wagtail/eb3e101c-4f12-4057-880d-dad68da259a5_stereo_60000_63000.png
548	2	willie-wagtail/eb3e101c-4f12-4057-880d-dad68da259a5_stereo_6000_9000.png
549	2	willie-wagtail/eb3e101c-4f12-4057-880d-dad68da259a5_stereo_60500_63500.png
550	2	willie-wagtail/eb3e101c-4f12-4057-880d-dad68da259a5_stereo_61500_64500.png
551	2	willie-wagtail/eb3e101c-4f12-4057-880d-dad68da259a5_stereo_62000_65000.png
552	2	willie-wagtail/eb3e101c-4f12-4057-880d-dad68da259a5_stereo_62500_65500.png
553	2	willie-wagtail/eb3e101c-4f12-4057-880d-dad68da259a5_stereo_6500_9500.png
554	2	willie-wagtail/eb3e101c-4f12-4057-880d-dad68da259a5_stereo_7000_10000.png
555	2	willie-wagtail/eb3e101c-4f12-4057-880d-dad68da259a5_stereo_9000_12000.png
556	2	willie-wagtail/eb3e101c-4f12-4057-880d-dad68da259a5_stereo_9500_12500.png
557	2	willie-wagtail/efde913a-b957-4b69-8d68-8735f5131c78_stereo_0_3000.png
558	2	willie-wagtail/efde913a-b957-4b69-8d68-8735f5131c78_stereo_10000_13000.png
559	2	willie-wagtail/efde913a-b957-4b69-8d68-8735f5131c78_stereo_1000_4000.png
560	2	willie-wagtail/efde913a-b957-4b69-8d68-8735f5131c78_stereo_10500_13500.png
561	2	willie-wagtail/efde913a-b957-4b69-8d68-8735f5131c78_stereo_11000_14000.png
562	2	willie-wagtail/efde913a-b957-4b69-8d68-8735f5131c78_stereo_2000_5000.png
563	2	willie-wagtail/efde913a-b957-4b69-8d68-8735f5131c78_stereo_2500_5500.png
564	2	willie-wagtail/efde913a-b957-4b69-8d68-8735f5131c78_stereo_3000_6000.png
565	2	willie-wagtail/efde913a-b957-4b69-8d68-8735f5131c78_stereo_4000_7000.png
566	2	willie-wagtail/efde913a-b957-4b69-8d68-8735f5131c78_stereo_4500_7500.png
567	2	willie-wagtail/efde913a-b957-4b69-8d68-8735f5131c78_stereo_5000_8000.png
568	2	willie-wagtail/efde913a-b957-4b69-8d68-8735f5131c78_stereo_500_3500.png
569	2	willie-wagtail/efde913a-b957-4b69-8d68-8735f5131c78_stereo_5500_8500.png
570	2	willie-wagtail/efde913a-b957-4b69-8d68-8735f5131c78_stereo_6000_9000.png
571	2	willie-wagtail/efde913a-b957-4b69-8d68-8735f5131c78_stereo_6500_9500.png
572	2	willie-wagtail/efde913a-b957-4b69-8d68-8735f5131c78_stereo_7000_10000.png
573	2	willie-wagtail/efde913a-b957-4b69-8d68-8735f5131c78_stereo_7500_10500.png
574	2	willie-wagtail/efde913a-b957-4b69-8d68-8735f5131c78_stereo_8000_11000.png
575	2	willie-wagtail/efde913a-b957-4b69-8d68-8735f5131c78_stereo_8500_11500.png
576	2	willie-wagtail/efde913a-b957-4b69-8d68-8735f5131c78_stereo_9000_12000.png
577	2	willie-wagtail/efde913a-b957-4b69-8d68-8735f5131c78_stereo_9500_12500.png
