0	0	eastern-whipbird/1d4bed34-4f47-4f8f-903f-ee1f88f28efa_0_3000-checkpoint.png
1	0	eastern-whipbird/1d4bed34-4f47-4f8f-903f-ee1f88f28efa_1000_4000-checkpoint.png
2	0	eastern-whipbird/1d4bed34-4f47-4f8f-903f-ee1f88f28efa_1000_4000.png
3	0	eastern-whipbird/1d4bed34-4f47-4f8f-903f-ee1f88f28efa_1500_4500.png
4	0	eastern-whipbird/1d4bed34-4f47-4f8f-903f-ee1f88f28efa_2500_5500-checkpoint.png
5	0	eastern-whipbird/1d4bed34-4f47-4f8f-903f-ee1f88f28efa_2500_5500.png
6	0	eastern-whipbird/1d4bed34-4f47-4f8f-903f-ee1f88f28efa_500_3500.png
7	0	eastern-whipbird/6316ecca-4b96-4477-8da7-e764429fa389_0_3000-checkpoint.png
8	0	eastern-whipbird/6316ecca-4b96-4477-8da7-e764429fa389_0_3000.png
9	0	eastern-whipbird/6316ecca-4b96-4477-8da7-e764429fa389_1500_4500.png
10	0	eastern-whipbird/6316ecca-4b96-4477-8da7-e764429fa389_2000_5000-checkpoint.png
11	0	eastern-whipbird/6316ecca-4b96-4477-8da7-e764429fa389_2000_5000.png
12	0	eastern-whipbird/6316ecca-4b96-4477-8da7-e764429fa389_2500_5500.png
13	0	eastern-whipbird/6316ecca-4b96-4477-8da7-e764429fa389_500_3500.png
14	0	eastern-whipbird/aad78fc7-f674-4d44-af53-d3d25083420e_0_3000-checkpoint.png
15	0	eastern-whipbird/aad78fc7-f674-4d44-af53-d3d25083420e_0_3000.png
16	0	eastern-whipbird/aad78fc7-f674-4d44-af53-d3d25083420e_1000_4000.png
17	0	eastern-whipbird/aad78fc7-f674-4d44-af53-d3d25083420e_2000_5000-checkpoint.png
18	0	eastern-whipbird/aad78fc7-f674-4d44-af53-d3d25083420e_2000_5000.png
19	0	eastern-whipbird/aad78fc7-f674-4d44-af53-d3d25083420e_2500_5500-checkpoint.png
20	0	eastern-whipbird/aad78fc7-f674-4d44-af53-d3d25083420e_2500_5500.png
21	0	eastern-whipbird/aad78fc7-f674-4d44-af53-d3d25083420e_3000_6000-checkpoint.png
22	0	eastern-whipbird/aad78fc7-f674-4d44-af53-d3d25083420e_3000_6000.png
23	0	eastern-whipbird/aad78fc7-f674-4d44-af53-d3d25083420e_3500_6500.png
24	0	eastern-whipbird/aad78fc7-f674-4d44-af53-d3d25083420e_4000_7000-checkpoint.png
25	0	eastern-whipbird/aad78fc7-f674-4d44-af53-d3d25083420e_4000_7000.png
26	0	eastern-whipbird/aad78fc7-f674-4d44-af53-d3d25083420e_4500_7500-checkpoint.png
27	0	eastern-whipbird/aad78fc7-f674-4d44-af53-d3d25083420e_5000_8000.png
28	0	eastern-whipbird/aad78fc7-f674-4d44-af53-d3d25083420e_500_3500.png
29	0	eastern-whipbird/aad78fc7-f674-4d44-af53-d3d25083420e_5500_8500-checkpoint.png
30	0	eastern-whipbird/aad78fc7-f674-4d44-af53-d3d25083420e_5500_8500.png
31	0	eastern-whipbird/b1a5da01-8a74-4abb-8cce-c68c31dc0a60_stereo_0_3000-checkpoint.png
32	0	eastern-whipbird/b1a5da01-8a74-4abb-8cce-c68c31dc0a60_stereo_0_3000.png
33	0	eastern-whipbird/b1a5da01-8a74-4abb-8cce-c68c31dc0a60_stereo_1000_4000.png
34	0	eastern-whipbird/b1a5da01-8a74-4abb-8cce-c68c31dc0a60_stereo_10500_13500-checkpoint.png
35	0	eastern-whipbird/b1a5da01-8a74-4abb-8cce-c68c31dc0a60_stereo_10500_13500.png
36	0	eastern-whipbird/b1a5da01-8a74-4abb-8cce-c68c31dc0a60_stereo_11000_14000.png
37	0	eastern-whipbird/b1a5da01-8a74-4abb-8cce-c68c31dc0a60_stereo_11500_14500.png
38	0	eastern-whipbird/b1a5da01-8a74-4abb-8cce-c68c31dc0a60_stereo_12000_15000.png
39	0	eastern-whipbird/b1a5da01-8a74-4abb-8cce-c68c31dc0a60_stereo_12500_15500.png
40	0	eastern-whipbird/b1a5da01-8a74-4abb-8cce-c68c31dc0a60_stereo_13000_16000.png
41	0	eastern-whipbird/b1a5da01-8a74-4abb-8cce-c68c31dc0a60_stereo_13500_16500.png
42	0	eastern-whipbird/b1a5da01-8a74-4abb-8cce-c68c31dc0a60_stereo_14000_17000-checkpoint.png
43	0	eastern-whipbird/b1a5da01-8a74-4abb-8cce-c68c31dc0a60_stereo_14500_17500.png
44	0	eastern-whipbird/b1a5da01-8a74-4abb-8cce-c68c31dc0a60_stereo_1500_4500.png
45	0	eastern-whipbird/b1a5da01-8a74-4abb-8cce-c68c31dc0a60_stereo_15500_18500.png
46	0	eastern-whipbird/b1a5da01-8a74-4abb-8cce-c68c31dc0a60_stereo_16000_19000.png
47	0	eastern-whipbird/b1a5da01-8a74-4abb-8cce-c68c31dc0a60_stereo_16500_19500.png
48	0	eastern-whipbird/b1a5da01-8a74-4abb-8cce-c68c31dc0a60_stereo_17000_20000.png
49	0	eastern-whipbird/b1a5da01-8a74-4abb-8cce-c68c31dc0a60_stereo_17500_20500.png
50	0	eastern-whipbird/b1a5da01-8a74-4abb-8cce-c68c31dc0a60_stereo_2000_5000.png
51	0	eastern-whipbird/b1a5da01-8a74-4abb-8cce-c68c31dc0a60_stereo_2500_5500.png
52	0	eastern-whipbird/b1a5da01-8a74-4abb-8cce-c68c31dc0a60_stereo_3500_6500.png
53	0	eastern-whipbird/b1a5da01-8a74-4abb-8cce-c68c31dc0a60_stereo_4000_7000-checkpoint.png
54	0	eastern-whipbird/b1a5da01-8a74-4abb-8cce-c68c31dc0a60_stereo_4000_7000.png
55	0	eastern-whipbird/b1a5da01-8a74-4abb-8cce-c68c31dc0a60_stereo_4500_7500.png
56	0	eastern-whipbird/b1a5da01-8a74-4abb-8cce-c68c31dc0a60_stereo_5000_8000.png
57	0	eastern-whipbird/b1a5da01-8a74-4abb-8cce-c68c31dc0a60_stereo_500_3500.png
58	0	eastern-whipbird/b1a5da01-8a74-4abb-8cce-c68c31dc0a60_stereo_6000_9000.png
59	0	eastern-whipbird/b1a5da01-8a74-4abb-8cce-c68c31dc0a60_stereo_7000_10000-checkpoint.png
60	0	eastern-whipbird/b1a5da01-8a74-4abb-8cce-c68c31dc0a60_stereo_7000_10000.png
61	0	eastern-whipbird/b1a5da01-8a74-4abb-8cce-c68c31dc0a60_stereo_7500_10500.png
62	0	eastern-whipbird/b1a5da01-8a74-4abb-8cce-c68c31dc0a60_stereo_8000_11000-checkpoint.png
63	0	eastern-whipbird/b1a5da01-8a74-4abb-8cce-c68c31dc0a60_stereo_8000_11000.png
64	0	eastern-whipbird/b1a5da01-8a74-4abb-8cce-c68c31dc0a60_stereo_8500_11500.png
65	0	eastern-whipbird/b1a5da01-8a74-4abb-8cce-c68c31dc0a60_stereo_9000_12000-checkpoint.png
66	0	eastern-whipbird/b1a5da01-8a74-4abb-8cce-c68c31dc0a60_stereo_9000_12000.png
67	0	eastern-whipbird/b1a5da01-8a74-4abb-8cce-c68c31dc0a60_stereo_9500_12500.png
68	0	eastern-whipbird/b551a17d-28d5-4ee1-b5c1-19caa98ae514_0_3000.png
69	0	eastern-whipbird/b551a17d-28d5-4ee1-b5c1-19caa98ae514_1000_4000.png
70	0	eastern-whipbird/b551a17d-28d5-4ee1-b5c1-19caa98ae514_1500_4500.png
71	0	eastern-whipbird/b551a17d-28d5-4ee1-b5c1-19caa98ae514_2000_5000.png
72	0	eastern-whipbird/b551a17d-28d5-4ee1-b5c1-19caa98ae514_2500_5500.png
73	0	eastern-whipbird/b551a17d-28d5-4ee1-b5c1-19caa98ae514_3500_6500-checkpoint.png
74	0	eastern-whipbird/b551a17d-28d5-4ee1-b5c1-19caa98ae514_3500_6500.png
75	0	eastern-whipbird/b551a17d-28d5-4ee1-b5c1-19caa98ae514_4000_7000.png
76	0	eastern-whipbird/b551a17d-28d5-4ee1-b5c1-19caa98ae514_5000_8000.png
77	0	eastern-whipbird/b551a17d-28d5-4ee1-b5c1-19caa98ae514_500_3500.png
78	0	eastern-whipbird/b551a17d-28d5-4ee1-b5c1-19caa98ae514_5500_8500.png
79	0	eastern-whipbird/bf8d74b6-9763-4978-af5e-dda940d8f5f1_1000_4000.png
80	0	eastern-whipbird/bf8d74b6-9763-4978-af5e-dda940d8f5f1_1500_4500.png
81	0	eastern-whipbird/bf8d74b6-9763-4978-af5e-dda940d8f5f1_2000_5000.png
82	0	eastern-whipbird/bf8d74b6-9763-4978-af5e-dda940d8f5f1_2500_5500.png
83	0	eastern-whipbird/bf8d74b6-9763-4978-af5e-dda940d8f5f1_3500_6500.png
84	0	eastern-whipbird/bf8d74b6-9763-4978-af5e-dda940d8f5f1_4000_7000-checkpoint.png
85	0	eastern-whipbird/bf8d74b6-9763-4978-af5e-dda940d8f5f1_500_3500-checkpoint.png
86	0	eastern-whipbird/dc6e3770-220e-43fe-9e84-dba5aa9b9770_0_3000.png
87	0	eastern-whipbird/dc6e3770-220e-43fe-9e84-dba5aa9b9770_10000_13000.png
88	0	eastern-whipbird/dc6e3770-220e-43fe-9e84-dba5aa9b9770_1000_4000.png
89	0	eastern-whipbird/dc6e3770-220e-43fe-9e84-dba5aa9b9770_10500_13500.png
90	0	eastern-whipbird/dc6e3770-220e-43fe-9e84-dba5aa9b9770_11000_14000.png
91	0	eastern-whipbird/dc6e3770-220e-43fe-9e84-dba5aa9b9770_1500_4500.png
92	0	eastern-whipbird/dc6e3770-220e-43fe-9e84-dba5aa9b9770_2000_5000.png
93	0	eastern-whipbird/dc6e3770-220e-43fe-9e84-dba5aa9b9770_2500_5500.png
94	0	eastern-whipbird/dc6e3770-220e-43fe-9e84-dba5aa9b9770_3500_6500.png
95	0	eastern-whipbird/dc6e3770-220e-43fe-9e84-dba5aa9b9770_4000_7000.png
96	0	eastern-whipbird/dc6e3770-220e-43fe-9e84-dba5aa9b9770_4500_7500.png
97	0	eastern-whipbird/dc6e3770-220e-43fe-9e84-dba5aa9b9770_5000_8000.png
98	0	eastern-whipbird/dc6e3770-220e-43fe-9e84-dba5aa9b9770_500_3500.png
99	0	eastern-whipbird/dc6e3770-220e-43fe-9e84-dba5aa9b9770_5500_8500.png
100	0	eastern-whipbird/dc6e3770-220e-43fe-9e84-dba5aa9b9770_6000_9000.png
101	0	eastern-whipbird/dc6e3770-220e-43fe-9e84-dba5aa9b9770_6500_9500.png
102	0	eastern-whipbird/dc6e3770-220e-43fe-9e84-dba5aa9b9770_7000_10000.png
103	0	eastern-whipbird/dc6e3770-220e-43fe-9e84-dba5aa9b9770_7500_10500.png
104	0	eastern-whipbird/dc6e3770-220e-43fe-9e84-dba5aa9b9770_8000_11000.png
105	0	eastern-whipbird/dc6e3770-220e-43fe-9e84-dba5aa9b9770_8500_11500.png
106	0	eastern-whipbird/dc6e3770-220e-43fe-9e84-dba5aa9b9770_9000_12000.png
107	0	eastern-whipbird/dc6e3770-220e-43fe-9e84-dba5aa9b9770_9500_12500.png
108	0	eastern-whipbird/e409f4db-c60c-4d94-afbe-e7c3ba8db79c_stereo_0_3000.png
109	0	eastern-whipbird/e409f4db-c60c-4d94-afbe-e7c3ba8db79c_stereo_2000_5000.png
110	0	eastern-whipbird/e409f4db-c60c-4d94-afbe-e7c3ba8db79c_stereo_2500_5500.png
111	0	eastern-whipbird/e409f4db-c60c-4d94-afbe-e7c3ba8db79c_stereo_3000_6000.png
112	0	eastern-whipbird/e409f4db-c60c-4d94-afbe-e7c3ba8db79c_stereo_3500_6500.png
113	0	eastern-whipbird/e409f4db-c60c-4d94-afbe-e7c3ba8db79c_stereo_4000_7000.png
114	0	eastern-whipbird/e409f4db-c60c-4d94-afbe-e7c3ba8db79c_stereo_4500_7500.png
115	0	eastern-whipbird/e409f4db-c60c-4d94-afbe-e7c3ba8db79c_stereo_5000_8000.png
116	0	eastern-whipbird/e409f4db-c60c-4d94-afbe-e7c3ba8db79c_stereo_5500_8500.png
117	1	kookaburra/08e85865-c479-4032-a63f-e5d36d4eb154_0_3000.png
118	1	kookaburra/08e85865-c479-4032-a63f-e5d36d4eb154_1000_4000-checkpoint.png
119	1	kookaburra/08e85865-c479-4032-a63f-e5d36d4eb154_1000_4000.png
120	1	kookaburra/08e85865-c479-4032-a63f-e5d36d4eb154_1500_4500.png
121	1	kookaburra/08e85865-c479-4032-a63f-e5d36d4eb154_2000_5000.png
122	1	kookaburra/08e85865-c479-4032-a63f-e5d36d4eb154_2500_5500.png
123	1	kookaburra/08e85865-c479-4032-a63f-e5d36d4eb154_3000_6000.png
124	1	kookaburra/08e85865-c479-4032-a63f-e5d36d4eb154_3500_6500-checkpoint.png
125	1	kookaburra/08e85865-c479-4032-a63f-e5d36d4eb154_500_3500-checkpoint.png
126	1	kookaburra/08e85865-c479-4032-a63f-e5d36d4eb154_500_3500.png
127	1	kookaburra/0f3df10f-be4a-49b0-b70a-54b174c7e015_stereo_0_3000-checkpoint.png
128	1	kookaburra/0f3df10f-be4a-49b0-b70a-54b174c7e015_stereo_0_3000.png
129	1	kookaburra/0f3df10f-be4a-49b0-b70a-54b174c7e015_stereo_1000_4000-checkpoint.png
130	1	kookaburra/0f3df10f-be4a-49b0-b70a-54b174c7e015_stereo_1000_4000.png
131	1	kookaburra/0f3df10f-be4a-49b0-b70a-54b174c7e015_stereo_1500_4500-checkpoint.png
132	1	kookaburra/0f3df10f-be4a-49b0-b70a-54b174c7e015_stereo_2000_5000-checkpoint.png
133	1	kookaburra/0f3df10f-be4a-49b0-b70a-54b174c7e015_stereo_2000_5000.png
134	1	kookaburra/0f3df10f-be4a-49b0-b70a-54b174c7e015_stereo_2500_5500-checkpoint.png
135	1	kookaburra/0f3df10f-be4a-49b0-b70a-54b174c7e015_stereo_3000_6000-checkpoint.png
136	1	kookaburra/0f3df10f-be4a-49b0-b70a-54b174c7e015_stereo_3000_6000.png
137	1	kookaburra/0f3df10f-be4a-49b0-b70a-54b174c7e015_stereo_3500_6500-checkpoint.png
138	1	kookaburra/0f3df10f-be4a-49b0-b70a-54b174c7e015_stereo_4500_7500.png
139	1	kookaburra/0f3df10f-be4a-49b0-b70a-54b174c7e015_stereo_500_3500.png
140	1	kookaburra/0f3df10f-be4a-49b0-b70a-54b174c7e015_stereo_6000_9000.png
141	1	kookaburra/0f3df10f-be4a-49b0-b70a-54b174c7e015_stereo_7000_10000.png
142	1	kookaburra/0f3df10f-be4a-49b0-b70a-54b174c7e015_stereo_8500_11500.png
143	1	kookaburra/0f3df10f-be4a-49b0-b70a-54b174c7e015_stereo_9500_12500.png
144	1	kookaburra/249f605c-e971-4cf6-9b7e-aa6e95981863_stereo_0_3000.png
145	1	kookaburra/249f605c-e971-4cf6-9b7e-aa6e95981863_stereo_1000_4000.png
146	1	kookaburra/249f605c-e971-4cf6-9b7e-aa6e95981863_stereo_1500_4500.png
147	1	kookaburra/249f605c-e971-4cf6-9b7e-aa6e95981863_stereo_2000_5000.png
148	1	kookaburra/249f605c-e971-4cf6-9b7e-aa6e95981863_stereo_2500_5500.png
149	1	kookaburra/249f605c-e971-4cf6-9b7e-aa6e95981863_stereo_3000_6000.png
150	1	kookaburra/249f605c-e971-4cf6-9b7e-aa6e95981863_stereo_3500_6500.png
151	1	kookaburra/249f605c-e971-4cf6-9b7e-aa6e95981863_stereo_4000_7000.png
152	1	kookaburra/249f605c-e971-4cf6-9b7e-aa6e95981863_stereo_4500_7500.png
153	1	kookaburra/249f605c-e971-4cf6-9b7e-aa6e95981863_stereo_5000_8000.png
154	1	kookaburra/249f605c-e971-4cf6-9b7e-aa6e95981863_stereo_500_3500.png
155	1	kookaburra/249f605c-e971-4cf6-9b7e-aa6e95981863_stereo_5500_8500.png
156	1	kookaburra/249f605c-e971-4cf6-9b7e-aa6e95981863_stereo_6000_9000.png
157	1	kookaburra/249f605c-e971-4cf6-9b7e-aa6e95981863_stereo_6500_9500.png
158	1	kookaburra/249f605c-e971-4cf6-9b7e-aa6e95981863_stereo_7000_10000.png
159	1	kookaburra/249f605c-e971-4cf6-9b7e-aa6e95981863_stereo_7500_10500.png
160	1	kookaburra/249f605c-e971-4cf6-9b7e-aa6e95981863_stereo_8000_11000.png
161	1	kookaburra/249f605c-e971-4cf6-9b7e-aa6e95981863_stereo_9000_12000.png
162	1	kookaburra/249f605c-e971-4cf6-9b7e-aa6e95981863_stereo_9500_12500.png
163	1	kookaburra/67208ba1-56e8-43b2-af56-c7f36a015a95_0_3000.png
164	1	kookaburra/67208ba1-56e8-43b2-af56-c7f36a015a95_10000_13000.png
165	1	kookaburra/67208ba1-56e8-43b2-af56-c7f36a015a95_1000_4000.png
166	1	kookaburra/67208ba1-56e8-43b2-af56-c7f36a015a95_10500_13500.png
167	1	kookaburra/67208ba1-56e8-43b2-af56-c7f36a015a95_11000_14000.png
168	1	kookaburra/67208ba1-56e8-43b2-af56-c7f36a015a95_12000_15000.png
169	1	kookaburra/67208ba1-56e8-43b2-af56-c7f36a015a95_12500_15500.png
170	1	kookaburra/67208ba1-56e8-43b2-af56-c7f36a015a95_13000_16000.png
171	1	kookaburra/67208ba1-56e8-43b2-af56-c7f36a015a95_14500_17500.png
172	1	kookaburra/67208ba1-56e8-43b2-af56-c7f36a015a95_15000_18000.png
173	1	kookaburra/67208ba1-56e8-43b2-af56-c7f36a015a95_1500_4500.png
174	1	kookaburra/67208ba1-56e8-43b2-af56-c7f36a015a95_15500_18500.png
175	1	kookaburra/67208ba1-56e8-43b2-af56-c7f36a015a95_16000_19000.png
176	1	kookaburra/67208ba1-56e8-43b2-af56-c7f36a015a95_16500_19500.png
177	1	kookaburra/67208ba1-56e8-43b2-af56-c7f36a015a95_17000_20000.png
178	1	kookaburra/67208ba1-56e8-43b2-af56-c7f36a015a95_17500_20500.png
179	1	kookaburra/67208ba1-56e8-43b2-af56-c7f36a015a95_18000_21000.png
180	1	kookaburra/67208ba1-56e8-43b2-af56-c7f36a015a95_19000_22000.png
181	1	kookaburra/67208ba1-56e8-43b2-af56-c7f36a015a95_19500_22500.png
182	1	kookaburra/67208ba1-56e8-43b2-af56-c7f36a015a95_2000_5000.png
183	1	kookaburra/67208ba1-56e8-43b2-af56-c7f36a015a95_20500_23500.png
184	1	kookaburra/67208ba1-56e8-43b2-af56-c7f36a015a95_21500_24500.png
185	1	kookaburra/67208ba1-56e8-43b2-af56-c7f36a015a95_23500_26500.png
186	1	kookaburra/67208ba1-56e8-43b2-af56-c7f36a015a95_24000_27000.png
187	1	kookaburra/67208ba1-56e8-43b2-af56-c7f36a015a95_24500_27500.png
188	1	kookaburra/67208ba1-56e8-43b2-af56-c7f36a015a95_25000_28000.png
189	1	kookaburra/67208ba1-56e8-43b2-af56-c7f36a015a95_2500_5500.png
190	1	kookaburra/67208ba1-56e8-43b2-af56-c7f36a015a95_25500_28500.png
191	1	kookaburra/67208ba1-56e8-43b2-af56-c7f36a015a95_26000_29000.png
192	1	kookaburra/67208ba1-56e8-43b2-af56-c7f36a015a95_26500_29500.png
193	1	kookaburra/67208ba1-56e8-43b2-af56-c7f36a015a95_3000_6000.png
194	1	kookaburra/67208ba1-56e8-43b2-af56-c7f36a015a95_3500_6500.png
195	1	kookaburra/67208ba1-56e8-43b2-af56-c7f36a015a95_4000_7000.png
196	1	kookaburra/67208ba1-56e8-43b2-af56-c7f36a015a95_4500_7500.png
197	1	kookaburra/67208ba1-56e8-43b2-af56-c7f36a015a95_5000_8000.png
198	1	kookaburra/67208ba1-56e8-43b2-af56-c7f36a015a95_5500_8500.png
199	1	kookaburra/67208ba1-56e8-43b2-af56-c7f36a015a95_6000_9000.png
200	1	kookaburra/67208ba1-56e8-43b2-af56-c7f36a015a95_6500_9500.png
201	1	kookaburra/67208ba1-56e8-43b2-af56-c7f36a015a95_7500_10500.png
202	1	kookaburra/67208ba1-56e8-43b2-af56-c7f36a015a95_8000_11000.png
203	1	kookaburra/67208ba1-56e8-43b2-af56-c7f36a015a95_9500_12500.png
204	1	kookaburra/718efcf9-5cd0-4aff-b7c4-5b6515b8f5be_0_3000.png
205	1	kookaburra/718efcf9-5cd0-4aff-b7c4-5b6515b8f5be_10000_13000.png
206	1	kookaburra/718efcf9-5cd0-4aff-b7c4-5b6515b8f5be_1000_4000.png
207	1	kookaburra/718efcf9-5cd0-4aff-b7c4-5b6515b8f5be_10500_13500.png
208	1	kookaburra/718efcf9-5cd0-4aff-b7c4-5b6515b8f5be_11000_14000.png
209	1	kookaburra/718efcf9-5cd0-4aff-b7c4-5b6515b8f5be_11500_14500.png
210	1	kookaburra/718efcf9-5cd0-4aff-b7c4-5b6515b8f5be_12000_15000.png
211	1	kookaburra/718efcf9-5cd0-4aff-b7c4-5b6515b8f5be_12500_15500.png
212	1	kookaburra/718efcf9-5cd0-4aff-b7c4-5b6515b8f5be_13000_16000.png
213	1	kookaburra/718efcf9-5cd0-4aff-b7c4-5b6515b8f5be_13500_16500.png
214	1	kookaburra/718efcf9-5cd0-4aff-b7c4-5b6515b8f5be_14000_17000.png
215	1	kookaburra/718efcf9-5cd0-4aff-b7c4-5b6515b8f5be_14500_17500.png
216	1	kookaburra/718efcf9-5cd0-4aff-b7c4-5b6515b8f5be_15000_18000.png
217	1	kookaburra/718efcf9-5cd0-4aff-b7c4-5b6515b8f5be_1500_4500.png
218	1	kookaburra/718efcf9-5cd0-4aff-b7c4-5b6515b8f5be_15500_18500.png
219	1	kookaburra/718efcf9-5cd0-4aff-b7c4-5b6515b8f5be_16000_19000.png
220	1	kookaburra/718efcf9-5cd0-4aff-b7c4-5b6515b8f5be_2000_5000.png
221	1	kookaburra/718efcf9-5cd0-4aff-b7c4-5b6515b8f5be_2500_5500.png
222	1	kookaburra/718efcf9-5cd0-4aff-b7c4-5b6515b8f5be_3000_6000.png
223	1	kookaburra/718efcf9-5cd0-4aff-b7c4-5b6515b8f5be_4000_7000.png
224	1	kookaburra/718efcf9-5cd0-4aff-b7c4-5b6515b8f5be_4500_7500.png
225	1	kookaburra/718efcf9-5cd0-4aff-b7c4-5b6515b8f5be_5000_8000.png
226	1	kookaburra/718efcf9-5cd0-4aff-b7c4-5b6515b8f5be_500_3500.png
227	1	kookaburra/718efcf9-5cd0-4aff-b7c4-5b6515b8f5be_5500_8500.png
228	1	kookaburra/718efcf9-5cd0-4aff-b7c4-5b6515b8f5be_6000_9000.png
229	1	kookaburra/718efcf9-5cd0-4aff-b7c4-5b6515b8f5be_7000_10000.png
230	1	kookaburra/718efcf9-5cd0-4aff-b7c4-5b6515b8f5be_7500_10500.png
231	1	kookaburra/718efcf9-5cd0-4aff-b7c4-5b6515b8f5be_8000_11000.png
232	1	kookaburra/718efcf9-5cd0-4aff-b7c4-5b6515b8f5be_8500_11500.png
233	1	kookaburra/718efcf9-5cd0-4aff-b7c4-5b6515b8f5be_9000_12000.png
234	1	kookaburra/718efcf9-5cd0-4aff-b7c4-5b6515b8f5be_9500_12500.png
235	1	kookaburra/7cbc1cd6-9114-4cc7-961b-7e0f336ad24d_stereo_1000_4000.png
236	1	kookaburra/7cbc1cd6-9114-4cc7-961b-7e0f336ad24d_stereo_1500_4500.png
237	1	kookaburra/7cbc1cd6-9114-4cc7-961b-7e0f336ad24d_stereo_2000_5000.png
238	1	kookaburra/7cbc1cd6-9114-4cc7-961b-7e0f336ad24d_stereo_2500_5500.png
239	1	kookaburra/7cbc1cd6-9114-4cc7-961b-7e0f336ad24d_stereo_3000_6000.png
240	1	kookaburra/7cbc1cd6-9114-4cc7-961b-7e0f336ad24d_stereo_3500_6500.png
241	1	kookaburra/7cbc1cd6-9114-4cc7-961b-7e0f336ad24d_stereo_4000_7000.png
242	1	kookaburra/7cbc1cd6-9114-4cc7-961b-7e0f336ad24d_stereo_500_3500.png
243	1	kookaburra/7cbc1cd6-9114-4cc7-961b-7e0f336ad24d_stereo_5500_8500.png
244	1	kookaburra/7cbc1cd6-9114-4cc7-961b-7e0f336ad24d_stereo_6000_9000.png
245	1	kookaburra/7cbc1cd6-9114-4cc7-961b-7e0f336ad24d_stereo_6500_9500.png
246	1	kookaburra/7db70e1a-21b9-4282-b148-5e3d57fa6001_stereo_0_3000.png
247	1	kookaburra/7db70e1a-21b9-4282-b148-5e3d57fa6001_stereo_1000_4000.png
248	1	kookaburra/7db70e1a-21b9-4282-b148-5e3d57fa6001_stereo_2000_5000.png
249	1	kookaburra/7db70e1a-21b9-4282-b148-5e3d57fa6001_stereo_2500_5500.png
250	1	kookaburra/7db70e1a-21b9-4282-b148-5e3d57fa6001_stereo_3000_6000.png
251	1	kookaburra/7db70e1a-21b9-4282-b148-5e3d57fa6001_stereo_3500_6500.png
252	1	kookaburra/7db70e1a-21b9-4282-b148-5e3d57fa6001_stereo_4000_7000.png
253	1	kookaburra/7db70e1a-21b9-4282-b148-5e3d57fa6001_stereo_4500_7500.png
254	1	kookaburra/7db70e1a-21b9-4282-b148-5e3d57fa6001_stereo_5000_8000.png
255	1	kookaburra/7db70e1a-21b9-4282-b148-5e3d57fa6001_stereo_500_3500.png
256	1	kookaburra/7db70e1a-21b9-4282-b148-5e3d57fa6001_stereo_5500_8500.png
257	1	kookaburra/7db70e1a-21b9-4282-b148-5e3d57fa6001_stereo_6000_9000.png
258	1	kookaburra/7db70e1a-21b9-4282-b148-5e3d57fa6001_stereo_6500_9500.png
259	1	kookaburra/7db70e1a-21b9-4282-b148-5e3d57fa6001_stereo_7000_10000.png
260	1	kookaburra/7db70e1a-21b9-4282-b148-5e3d57fa6001_stereo_7500_10500.png
261	1	kookaburra/7db70e1a-21b9-4282-b148-5e3d57fa6001_stereo_8500_11500.png
262	1	kookaburra/d97ed3dc-f418-4451-907d-5c1a69fc40a5_stereo_0_3000.png
263	1	kookaburra/d97ed3dc-f418-4451-907d-5c1a69fc40a5_stereo_1000_4000.png
264	1	kookaburra/d97ed3dc-f418-4451-907d-5c1a69fc40a5_stereo_1500_4500.png
265	1	kookaburra/d97ed3dc-f418-4451-907d-5c1a69fc40a5_stereo_2000_5000.png
266	1	kookaburra/d97ed3dc-f418-4451-907d-5c1a69fc40a5_stereo_2500_5500.png
267	1	kookaburra/d97ed3dc-f418-4451-907d-5c1a69fc40a5_stereo_3500_6500.png
268	1	kookaburra/d97ed3dc-f418-4451-907d-5c1a69fc40a5_stereo_4000_7000.png
269	1	kookaburra/d97ed3dc-f418-4451-907d-5c1a69fc40a5_stereo_4500_7500.png
270	1	kookaburra/d97ed3dc-f418-4451-907d-5c1a69fc40a5_stereo_5000_8000.png
271	1	kookaburra/d97ed3dc-f418-4451-907d-5c1a69fc40a5_stereo_500_3500.png
272	1	kookaburra/d97ed3dc-f418-4451-907d-5c1a69fc40a5_stereo_5500_8500.png
273	1	kookaburra/d97ed3dc-f418-4451-907d-5c1a69fc40a5_stereo_6000_9000.png
274	1	kookaburra/d97ed3dc-f418-4451-907d-5c1a69fc40a5_stereo_6500_9500.png
275	1	kookaburra/d97ed3dc-f418-4451-907d-5c1a69fc40a5_stereo_7500_10500.png
276	1	kookaburra/d97ed3dc-f418-4451-907d-5c1a69fc40a5_stereo_8000_11000.png
277	1	kookaburra/d97ed3dc-f418-4451-907d-5c1a69fc40a5_stereo_9000_12000.png
278	1	kookaburra/d97ed3dc-f418-4451-907d-5c1a69fc40a5_stereo_9500_12500.png
279	2	superb-lyrebird/1c0c0f8b-6b45-4f51-bf18-e8b061863208_stereo_0_3000.png
280	2	superb-lyrebird/1c0c0f8b-6b45-4f51-bf18-e8b061863208_stereo_10000_13000-checkpoint.png
281	2	superb-lyrebird/1c0c0f8b-6b45-4f51-bf18-e8b061863208_stereo_1000_4000.png
282	2	superb-lyrebird/1c0c0f8b-6b45-4f51-bf18-e8b061863208_stereo_10500_13500.png
283	2	superb-lyrebird/1c0c0f8b-6b45-4f51-bf18-e8b061863208_stereo_11000_14000-checkpoint.png
284	2	superb-lyrebird/1c0c0f8b-6b45-4f51-bf18-e8b061863208_stereo_11500_14500.png
285	2	superb-lyrebird/1c0c0f8b-6b45-4f51-bf18-e8b061863208_stereo_12000_15000.png
286	2	superb-lyrebird/1c0c0f8b-6b45-4f51-bf18-e8b061863208_stereo_13000_16000-checkpoint.png
287	2	superb-lyrebird/1c0c0f8b-6b45-4f51-bf18-e8b061863208_stereo_13000_16000.png
288	2	superb-lyrebird/1c0c0f8b-6b45-4f51-bf18-e8b061863208_stereo_13500_16500.png
289	2	superb-lyrebird/1c0c0f8b-6b45-4f51-bf18-e8b061863208_stereo_14000_17000-checkpoint.png
290	2	superb-lyrebird/1c0c0f8b-6b45-4f51-bf18-e8b061863208_stereo_14000_17000.png
291	2	superb-lyrebird/1c0c0f8b-6b45-4f51-bf18-e8b061863208_stereo_14500_17500.png
292	2	superb-lyrebird/1c0c0f8b-6b45-4f51-bf18-e8b061863208_stereo_15000_18000-checkpoint.png
293	2	superb-lyrebird/1c0c0f8b-6b45-4f51-bf18-e8b061863208_stereo_15000_18000.png
294	2	superb-lyrebird/1c0c0f8b-6b45-4f51-bf18-e8b061863208_stereo_1500_4500.png
295	2	superb-lyrebird/1c0c0f8b-6b45-4f51-bf18-e8b061863208_stereo_16000_19000.png
296	2	superb-lyrebird/1c0c0f8b-6b45-4f51-bf18-e8b061863208_stereo_17000_20000.png
297	2	superb-lyrebird/1c0c0f8b-6b45-4f51-bf18-e8b061863208_stereo_17500_20500.png
298	2	superb-lyrebird/1c0c0f8b-6b45-4f51-bf18-e8b061863208_stereo_18500_21500.png
299	2	superb-lyrebird/1c0c0f8b-6b45-4f51-bf18-e8b061863208_stereo_2000_5000.png
300	2	superb-lyrebird/1c0c0f8b-6b45-4f51-bf18-e8b061863208_stereo_3000_6000.png
301	2	superb-lyrebird/1c0c0f8b-6b45-4f51-bf18-e8b061863208_stereo_3500_6500.png
302	2	superb-lyrebird/1c0c0f8b-6b45-4f51-bf18-e8b061863208_stereo_4000_7000.png
303	2	superb-lyrebird/1c0c0f8b-6b45-4f51-bf18-e8b061863208_stereo_4500_7500.png
304	2	superb-lyrebird/1c0c0f8b-6b45-4f51-bf18-e8b061863208_stereo_5000_8000.png
305	2	superb-lyrebird/1c0c0f8b-6b45-4f51-bf18-e8b061863208_stereo_500_3500.png
306	2	superb-lyrebird/1c0c0f8b-6b45-4f51-bf18-e8b061863208_stereo_5500_8500.png
307	2	superb-lyrebird/1c0c0f8b-6b45-4f51-bf18-e8b061863208_stereo_6000_9000.png
308	2	superb-lyrebird/1c0c0f8b-6b45-4f51-bf18-e8b061863208_stereo_6500_9500.png
309	2	superb-lyrebird/1c0c0f8b-6b45-4f51-bf18-e8b061863208_stereo_7500_10500.png
310	2	superb-lyrebird/1c0c0f8b-6b45-4f51-bf18-e8b061863208_stereo_8000_11000.png
311	2	superb-lyrebird/1c0c0f8b-6b45-4f51-bf18-e8b061863208_stereo_8500_11500.png
312	2	superb-lyrebird/1c0c0f8b-6b45-4f51-bf18-e8b061863208_stereo_9000_12000.png
313	2	superb-lyrebird/1c0c0f8b-6b45-4f51-bf18-e8b061863208_stereo_9500_12500.png
314	2	superb-lyrebird/ad42345c-e581-472c-bb79-4390360cf5fd_stereo_0_3000.png
315	2	superb-lyrebird/ad42345c-e581-472c-bb79-4390360cf5fd_stereo_1000_4000.png
316	2	superb-lyrebird/ad42345c-e581-472c-bb79-4390360cf5fd_stereo_10500_13500.png
317	2	superb-lyrebird/ad42345c-e581-472c-bb79-4390360cf5fd_stereo_11000_14000.png
318	2	superb-lyrebird/ad42345c-e581-472c-bb79-4390360cf5fd_stereo_11500_14500.png
319	2	superb-lyrebird/ad42345c-e581-472c-bb79-4390360cf5fd_stereo_12000_15000.png
320	2	superb-lyrebird/ad42345c-e581-472c-bb79-4390360cf5fd_stereo_12500_15500.png
324	2	superb-lyrebird/ad42345c-e581-472c-bb79-4390360cf5fd_stereo_14500_17500.png
325	2	superb-lyrebird/ad42345c-e581-472c-bb79-4390360cf5fd_stereo_1500_4500.png
326	2	superb-lyrebird/ad42345c-e581-472c-bb79-4390360cf5fd_stereo_15500_18500.png
327	2	superb-lyrebird/ad42345c-e581-472c-bb79-4390360cf5fd_stereo_2500_5500.png
328	2	superb-lyrebird/ad42345c-e581-472c-bb79-4390360cf5fd_stereo_3000_6000.png
329	2	superb-lyrebird/ad42345c-e581-472c-bb79-4390360cf5fd_stereo_3500_6500.png
330	2	superb-lyrebird/ad42345c-e581-472c-bb79-4390360cf5fd_stereo_4000_7000.png
331	2	superb-lyrebird/ad42345c-e581-472c-bb79-4390360cf5fd_stereo_5000_8000.png
332	2	superb-lyrebird/ad42345c-e581-472c-bb79-4390360cf5fd_stereo_500_3500.png
333	2	superb-lyrebird/ad42345c-e581-472c-bb79-4390360cf5fd_stereo_5500_8500.png
334	2	superb-lyrebird/ad42345c-e581-472c-bb79-4390360cf5fd_stereo_6000_9000.png
335	2	superb-lyrebird/ad42345c-e581-472c-bb79-4390360cf5fd_stereo_7000_10000.png
336	2	superb-lyrebird/ad42345c-e581-472c-bb79-4390360cf5fd_stereo_8000_11000.png
337	2	superb-lyrebird/ad42345c-e581-472c-bb79-4390360cf5fd_stereo_8500_11500.png
338	2	superb-lyrebird/ad42345c-e581-472c-bb79-4390360cf5fd_stereo_9000_12000.png
339	2	superb-lyrebird/ad42345c-e581-472c-bb79-4390360cf5fd_stereo_9500_12500.png
340	3	willie-wagtail/72fcdd4c-29f0-41f9-a32a-6f30f4a4bbcc_stereo_0_3000.png
341	3	willie-wagtail/72fcdd4c-29f0-41f9-a32a-6f30f4a4bbcc_stereo_10000_13000.png
342	3	willie-wagtail/72fcdd4c-29f0-41f9-a32a-6f30f4a4bbcc_stereo_11000_14000.png
343	3	willie-wagtail/72fcdd4c-29f0-41f9-a32a-6f30f4a4bbcc_stereo_11500_14500-checkpoint.png
344	3	willie-wagtail/72fcdd4c-29f0-41f9-a32a-6f30f4a4bbcc_stereo_11500_14500.png
345	3	willie-wagtail/72fcdd4c-29f0-41f9-a32a-6f30f4a4bbcc_stereo_13000_16000.png
433	3	willie-wagtail/72fcdd4c-29f0-41f9-a32a-6f30f4a4bbcc_stereo_56500_59500.png
434	3	willie-wagtail/72fcdd4c-29f0-41f9-a32a-6f30f4a4bbcc_stereo_57500_60500.png
443	3	willie-wagtail/72fcdd4c-29f0-41f9-a32a-6f30f4a4bbcc_stereo_63000_66000.png
481	3	willie-wagtail/8172248b-c4fd-42f7-ba99-08e0b4bbdba6_stereo_2500_5500.png
482	3	willie-wagtail/8172248b-c4fd-42f7-ba99-08e0b4bbdba6_stereo_3000_6000.png
483	3	willie-wagtail/8172248b-c4fd-42f7-ba99-08e0b4bbdba6_stereo_3500_6500.png
526	3	willie-wagtail/abab3331-7e85-460d-8ffa-77b771b40dc8_stereo_14500_17500.png
527	3	willie-wagtail/abab3331-7e85-460d-8ffa-77b771b40dc8_stereo_15000_18000.png
528	3	willie-wagtail/abab3331-7e85-460d-8ffa-77b771b40dc8_stereo_1500_4500.png
529	3	willie-wagtail/abab3331-7e85-460d-8ffa-77b771b40dc8_stereo_15500_18500.png
530	3	willie-wagtail/abab3331-7e85-460d-8ffa-77b771b40dc8_stereo_16000_19000.png
531	3	willie-wagtail/abab3331-7e85-460d-8ffa-77b771b40dc8_stereo_16500_19500.png
532	3	willie-wagtail/abab3331-7e85-460d-8ffa-77b771b40dc8_stereo_2000_5000.png
533	3	willie-wagtail/abab3331-7e85-460d-8ffa-77b771b40dc8_stereo_2500_5500.png
534	3	willie-wagtail/abab3331-7e85-460d-8ffa-77b771b40dc8_stereo_3000_6000.png
535	3	willie-wagtail/abab3331-7e85-460d-8ffa-77b771b40dc8_stereo_3500_6500.png
570	3	willie-wagtail/af674823-bb94-461f-8a5b-1431cd1b992a_stereo_27500_30500.png
590	3	willie-wagtail/af674823-bb94-461f-8a5b-1431cd1b992a_stereo_39500_42500.png
591	3	willie-wagtail/af674823-bb94-461f-8a5b-1431cd1b992a_stereo_40000_43000.png
592	3	willie-wagtail/af674823-bb94-461f-8a5b-1431cd1b992a_stereo_4000_7000.png
593	3	willie-wagtail/af674823-bb94-461f-8a5b-1431cd1b992a_stereo_40500_43500.png
594	3	willie-wagtail/af674823-bb94-461f-8a5b-1431cd1b992a_stereo_41000_44000.png
595	3	willie-wagtail/af674823-bb94-461f-8a5b-1431cd1b992a_stereo_41500_44500.png
624	3	willie-wagtail/ca6cafb4-39f5-4a3c-8eec-2a27dd4f334f_stereo_14500_17500.png
625	3	willie-wagtail/ca6cafb4-39f5-4a3c-8eec-2a27dd4f334f_stereo_15000_18000.png
626	3	willie-wagtail/ca6cafb4-39f5-4a3c-8eec-2a27dd4f334f_stereo_1500_4500.png
627	3	willie-wagtail/ca6cafb4-39f5-4a3c-8eec-2a27dd4f334f_stereo_15500_18500.png
628	3	willie-wagtail/ca6cafb4-39f5-4a3c-8eec-2a27dd4f334f_stereo_16000_19000.png
655	3	willie-wagtail/ca6cafb4-39f5-4a3c-8eec-2a27dd4f334f_stereo_9500_12500.png
656	3	willie-wagtail/e1207b26-da74-4c54-bc3f-2ee021d33184_stereo_0_3000.png
664	3	willie-wagtail/e1207b26-da74-4c54-bc3f-2ee021d33184_stereo_4500_7500.png
665	3	willie-wagtail/e1207b26-da74-4c54-bc3f-2ee021d33184_stereo_500_3500.png
672	3	willie-wagtail/eb3e101c-4f12-4057-880d-dad68da259a5_stereo_10500_13500.png
673	3	willie-wagtail/eb3e101c-4f12-4057-880d-dad68da259a5_stereo_11500_14500.png
674	3	willie-wagtail/eb3e101c-4f12-4057-880d-dad68da259a5_stereo_12000_15000.png
675	3	willie-wagtail/eb3e101c-4f12-4057-880d-dad68da259a5_stereo_12500_15500.png
676	3	willie-wagtail/eb3e101c-4f12-4057-880d-dad68da259a5_stereo_13000_16000.png
677	3	willie-wagtail/eb3e101c-4f12-4057-880d-dad68da259a5_stereo_13500_16500.png
678	3	willie-wagtail/eb3e101c-4f12-4057-880d-dad68da259a5_stereo_14000_17000.png
701	3	willie-wagtail/eb3e101c-4f12-4057-880d-dad68da259a5_stereo_28000_31000.png
702	3	willie-wagtail/eb3e101c-4f12-4057-880d-dad68da259a5_stereo_28500_31500.png
703	3	willie-wagtail/eb3e101c-4f12-4057-880d-dad68da259a5_stereo_29500_32500.png
704	3	willie-wagtail/eb3e101c-4f12-4057-880d-dad68da259a5_stereo_30000_33000.png
705	3	willie-wagtail/eb3e101c-4f12-4057-880d-dad68da259a5_stereo_3000_6000.png
706	3	willie-wagtail/eb3e101c-4f12-4057-880d-dad68da259a5_stereo_30500_33500.png
707	3	willie-wagtail/eb3e101c-4f12-4057-880d-dad68da259a5_stereo_31000_34000.png
708	3	willie-wagtail/eb3e101c-4f12-4057-880d-dad68da259a5_stereo_31500_34500.png
767	3	willie-wagtail/eb3e101c-4f12-4057-880d-dad68da259a5_stereo_7500_10500.png
778	3	willie-wagtail/efde913a-b957-4b69-8d68-8735f5131c78_stereo_2500_5500.png
779	3	willie-wagtail/efde913a-b957-4b69-8d68-8735f5131c78_stereo_3000_6000.png
780	3	willie-wagtail/efde913a-b957-4b69-8d68-8735f5131c78_stereo_3500_6500.png
781	3	willie-wagtail/efde913a-b957-4b69-8d68-8735f5131c78_stereo_4000_7000.png
782	3	willie-wagtail/efde913a-b957-4b69-8d68-8735f5131c78_stereo_4500_7500.png
783	3	willie-wagtail/efde913a-b957-4b69-8d68-8735f5131c78_stereo_5000_8000.png